#=#=#=# Syncrun started 2020-01-22T04:24:42Z
#=#=#=#=# Propagation starts 2020-01-22T04:24:43Z (last step: 129 msec, total: 129 msec)
04:24:43||auto-save-list|INST_NEW|Up|1579237101||4096|00008807oc6n50aj1zwf|4||201|0|0|876a5512-d491-41b7-a15e-2926eaa2cbc6|
04:24:43||elpa|INST_NEW|Up|1578874167||4096|00008808oc6n50aj1zwf|4||201|0|0|213e0b8d-04a1-416a-8d00-1f112420ede5|
04:24:43||init.el|INST_NEW|Up|1578874166|773621ca3dc4990dc1b5efcde92fee72|5781|00008809oc6n50aj1zwf|4||201|0|0|836eaae2-ffc8-4120-a0d9-61d9e42b47fa|
04:24:43||irony|INST_NEW|Up|1578532453||4096|00008810oc6n50aj1zwf|4||201|0|0|d80c852b-a37a-4265-b4b4-b8072e064a57|
04:24:43||#test.c#|INST_NEW|Up|1578533845|5452555cd00c5d499b2c7bea8911ebc5|17|00008811oc6n50aj1zwf|4||201|0|0|65f07299-f83a-462e-8168-f70378bb3f70|
04:24:43||network-security.data|INST_NEW|Up|1578532316|939c15280505dc78701f0564e5ee82a2|214|00008812oc6n50aj1zwf|4||201|0|0|2394725d-4d31-47ad-9f74-49f44ea13d9c|
04:24:43||test.c|INST_NEW|Up|1578533409|8232d98773f52530af2fcbe69de60f1b|20|00008813oc6n50aj1zwf|4||201|0|0|156acc4f-b774-470d-9a1d-093973cbaa35|
04:24:43||elpa/archives|INST_NEW|Up|1578532317||4096|00008814oc6n50aj1zwf|4||201|0|0|817c16d8-7f95-40c9-b2f1-5f62011cffbb|
04:24:43||elpa/auto-complete-20170125.245|INST_NEW|Up|1578532990||4096|00008815oc6n50aj1zwf|4||201|0|0|6dfeaad5-4337-41bf-9acf-05800b9f161f|
04:24:43||elpa/bind-key-20191110.416|INST_NEW|Up|1578532319||4096|00008816oc6n50aj1zwf|4||201|0|0|b42ed037-2ea6-49c5-89d8-6e7c40d9a4dc|
04:24:43||elpa/company-20200102.2354|INST_NEW|Up|1578532097||4096|00008817oc6n50aj1zwf|4||201|0|0|6e8ffcb1-5adf-4d7c-898b-a7a115538d22|
04:24:43||elpa/company-c-headers-20190825.1631|INST_NEW|Up|1578532550||4096|00008818oc6n50aj1zwf|4||201|0|0|4a1df680-71e7-4b48-98c4-3af25b20926e|
04:24:43||elpa/company-irony-20190124.2346|INST_NEW|Up|1578532110||4096|00008819oc6n50aj1zwf|4||201|0|0|e3773e4a-a5aa-4fff-9047-c8b92205a30e|
04:24:43||elpa/archives/gnu|INST_NEW|Up|1578532319||4096|00008820oc6n50aj1zwf|4||201|0|0|b71eb268-f0a9-4dc4-809f-40520b1b7ac5|
04:24:43||elpa/archives/marmalade|INST_NEW|Up|1578532317||4096|00008821oc6n50aj1zwf|4||201|0|0|632efa84-b0f7-45f6-b33e-744b40882169|
04:24:43||elpa/archives/melpa|INST_NEW|Up|1578532318||4096|00008822oc6n50aj1zwf|4||201|0|0|c4bfe5d4-6338-438b-85f9-5c15432ac122|
04:24:43||elpa/auto-complete-20170125.245/dict|INST_NEW|Up|1578532990||4096|00008823oc6n50aj1zwf|4||201|0|0|ed35cd23-a19f-4ae1-9bb0-ba8c26294787|
04:24:43||elpa/auto-complete-20170125.245/auto-complete-autoloads.el|INST_NEW|Up|1578532990|1732079b4556a76f1170dcea0b6d06ac|1878|00008824oc6n50aj1zwf|4||201|0|0|c8ff7f29-cb4a-4e51-b64a-5d5099f1c183|
04:24:43||elpa/auto-complete-20170125.245/auto-complete-config.el|INST_NEW|Up|1578532990|bdb3a7918a856cdb7d7b125b003a0000|19986|00008825oc6n50aj1zwf|4||201|0|0|d15d80a9-c918-4e8f-adc6-25a7a394290b|
04:24:43||elpa/archives/gnu/archive-contents|INST_NEW|Up|1578532319|42c90d71e8ecd264a218513caf22cf5e|77667|00008826oc6n50aj1zwf|4||201|0|0|b3b64f89-676d-4db4-b7c9-aac9aca6e262|
04:24:44||elpa/archives/marmalade/archive-contents|INST_NEW|Up|1578532317|1c13ba2ec2e385db85c84724560231ea|118435|00008827oc6n50aj1zwf|4||201|0|0|55bd3f2a-ac48-4913-8b9e-65a781e309e2|
04:24:43||elpa/archives/gnu/archive-contents.signed|INST_NEW|Up|1578532319|8acb7b80b5d720381da12b016c4abd75|154|00008828oc6n50aj1zwf|4||201|0|0|252cc59e-d0a3-4b50-94c3-7b7abf56873c|
04:24:44||elpa/auto-complete-20170125.245/dict/ada-mode|INST_NEW|Up|1578532990|908f4130cf4aebc88876b452eca28fbd|448|00008829oc6n50aj1zwf|4||201|0|0|ee5aa063-a9c8-40cb-97bd-e045f666d479|
04:24:44||elpa/auto-complete-20170125.245/dict/c++-mode|INST_NEW|Up|1578532990|4e8dd1832d48d608f5a2cd2b2046de14|701|00008830oc6n50aj1zwf|4||201|0|0|cf214233-f4cc-43df-8252-53a56c0e19fd|
04:24:44||elpa/auto-complete-20170125.245/dict/c-mode|INST_NEW|Up|1578532990|481c4b01e08d07dce3e38c2557513f00|385|00008831oc6n50aj1zwf|4||201|0|0|fcfb2bd9-1c3a-4a3b-bc95-1094ecee2703|
04:24:44||elpa/auto-complete-20170125.245/dict/caml-mode|INST_NEW|Up|1578532990|2513ca77942328599c43ca0e535a4dd1|1812|00008832oc6n50aj1zwf|4||201|0|0|179afb00-903d-4c1c-85b4-e4470aecdf44|
04:24:44||elpa/auto-complete-20170125.245/dict/clojure-mode|INST_NEW|Up|1578532990|ad6682831525bfc535f2816103a31552|5635|00008833oc6n50aj1zwf|4||201|0|0|b6a3de7c-c0e7-42a0-b221-c7a8ad8ce3e1|
04:24:44||elpa/auto-complete-20170125.245/dict/coq-mode|INST_NEW|Up|1578532990|5f27f1d3b7c87cdfd5d1a5ea94a2dfb8|2513|00008834oc6n50aj1zwf|4||201|0|0|2669045a-3778-4ef1-9e5f-0958b2f668c1|
04:24:44||elpa/auto-complete-20170125.245/dict/clojurescript-mode|INST_NEW|Up|1578532990|9cd8c6f4626727e34118592e83ecbf71|4257|00008835oc6n50aj1zwf|4||201|0|0|9fb7054d-25c3-471a-82d8-f6f84565669f|
04:24:44||elpa/auto-complete-20170125.245/dict/css-mode|INST_NEW|Up|1578532990|115c126cae113da81b9b79b327685afa|8988|00008836oc6n50aj1zwf|4||201|0|0|3678e0a3-7898-41d1-a16f-884cfa47e4f9|
04:24:44||elpa/auto-complete-20170125.245/dict/erlang-mode|INST_NEW|Up|1578532990|8baa36890bc33bcbde890728e8847a91|2141|00008837oc6n50aj1zwf|4||201|0|0|0101ca2a-5b12-45da-a0d8-44fff83ee0e4|
04:24:44||elpa/auto-complete-20170125.245/dict/ess-julia-mode|INST_NEW|Up|1578532990|7a326a500db26a263b4640104dc0fc17|235|00008838oc6n50aj1zwf|4||201|0|0|9a4b2df0-3b76-4299-96a6-d214efafef5c|
04:24:44||elpa/auto-complete-20170125.245/dict/go-mode|INST_NEW|Up|1578532990|dc086ef2851326b5fc13064dbdb606b9|154|00008839oc6n50aj1zwf|4||201|0|0|3655b824-6d5a-4046-b401-4425ec2a0177|
04:24:44||elpa/auto-complete-20170125.245/dict/haskell-mode|INST_NEW|Up|1578532990|56a20b75c3569d02a47614831e6849d9|10265|00008840oc6n50aj1zwf|4||201|0|0|05d950c4-a072-40ca-9de6-dd42eefd5d9f|
04:24:45||elpa/auto-complete-20170125.245/dict/java-mode|INST_NEW|Up|1578532990|6e8c41bbd3d618e3e459a2704e8db15c|379|00008841oc6n50aj1zwf|4||201|0|0|a9c2eecb-7ddb-40a2-9966-ec93c12e5dfe|
04:24:45||elpa/auto-complete-20170125.245/dict/js-mode|INST_NEW|Up|1578532990|b10433b0f2745345dcf23ac2c86af32b|1144|00008842oc6n50aj1zwf|4||201|0|0|a1207c3c-ff98-4af5-a86d-364fce7d6dfb|
04:24:44||elpa/archives/melpa/archive-contents|INST_NEW|Up|1578532318|86e797976922bcd4512990ebac078f6f|1456880|00008843oc6n50aj1zwf|4||201|0|0|a6a385ca-1578-4cfa-b234-155efd8411e2|
04:24:45||elpa/auto-complete-20170125.245/dict/julia-mode|INST_NEW|Up|1578532990|796bc63c5d79a57f380307bef69861c2|235|00008844oc6n50aj1zwf|4||201|0|0|cd81cfd3-98ca-40a7-9775-3c60ceb25337|
04:24:45||elpa/auto-complete-20170125.245/dict/lua-mode|INST_NEW|Up|1578532990|8b0ed8b7ce235f4ca328e670319726c5|107|00008845oc6n50aj1zwf|4||201|0|0|c370077f-608f-4608-ac8b-d365e4eb085e|
04:24:45||elpa/auto-complete-20170125.245/dict/nim-mode|INST_NEW|Up|1578532990|11449f8df4b39f193aeb68317dde4846|392|00008846oc6n50aj1zwf|4||201|0|0|1995abac-51be-4f4d-9abc-44147600d9aa|
04:24:45||elpa/auto-complete-20170125.245/dict/objc-mode|INST_NEW|Up|1578532990|b9f4d9d26cb6513e398b6764eb46fbd5|1530|00008847oc6n50aj1zwf|4||201|0|0|9abf5695-2155-463e-b066-e84eae0269ec|
04:24:45||elpa/auto-complete-20170125.245/dict/php-mode|INST_NEW|Up|1578532990|be9f51f6f7c245321eca35051f67b916|108127|00008848oc6n50aj1zwf|4||201|0|0|0bce9ad1-7b2b-47fa-9581-a6728b708620|
04:24:45||elpa/auto-complete-20170125.245/dict/octave-mode|INST_NEW|Up|1578532990|8ff87268cee41ce179659b2e563ea889|500|00008849oc6n50aj1zwf|4||201|0|0|c6ffae31-564c-4983-a972-00d62f734a96|
04:24:45||elpa/auto-complete-20170125.245/dict/python-mode|INST_NEW|Up|1578532990|04cda696ca986654c0d2773bc1bdde2e|3023|00008850oc6n50aj1zwf|4||201|0|0|2f3c898b-9d0b-4d8e-bb81-c1d38b441c66|
04:24:45||elpa/auto-complete-20170125.245/dict/qml-mode|INST_NEW|Up|1578532990|ad66f9c823ac5cb328f5bf97d1648b4e|1718|00008851oc6n50aj1zwf|4||201|0|0|17b721e8-81af-48dd-ba60-05a2c6e43e77|
04:24:45||elpa/auto-complete-20170125.245/dict/ruby-mode|INST_NEW|Up|1578532990|924bb6c9db5453d582595b05c7e33c6b|1135|00008852oc6n50aj1zwf|4||201|0|0|0e1f49ec-2c0a-40a5-b5c8-ab4bc604a66c|
04:24:45||elpa/auto-complete-20170125.245/dict/scheme-mode|INST_NEW|Up|1578532990|76fbd389ff6f07c423ca306dad27cff6|2081|00008853oc6n50aj1zwf|4||201|0|0|41c5110c-a78a-4e62-a407-64b096902cff|
04:24:45||elpa/auto-complete-20170125.245/dict/scala-mode|INST_NEW|Up|1578532990|a551d3d7743877b5a5abcced915553b5|17199|00008854oc6n50aj1zwf|4||201|0|0|783eb574-adb4-48a2-9099-65a8875f2fd1|
04:24:45||elpa/auto-complete-20170125.245/dict/sclang-mode|INST_NEW|Up|1578532990|06d100b09f088797cab831ca65af782b|14058|00008855oc6n50aj1zwf|4||201|0|0|ebabe379-e7c7-4c48-b81e-0ec8a171d1d1|
04:24:45||elpa/auto-complete-20170125.245/dict/sh-mode|INST_NEW|Up|1578532990|43bea852110d4831efea47d6373d734a|1373|00008856oc6n50aj1zwf|4||201|0|0|64a1cc98-3e94-4d11-9454-4f58d9fbb3ab|
04:24:45||elpa/auto-complete-20170125.245/dict/swift-mode|INST_NEW|Up|1578532990|60f3b80b7c897505d1047c4e12df96e5|708|00008857oc6n50aj1zwf|4||201|0|0|54588c7d-ce1f-4dff-a68d-6744dd4f2acf|
04:24:45||elpa/auto-complete-20170125.245/dict/tcl-mode|INST_NEW|Up|1578532990|966eb72a6e3849c7fcb8c0b941ebfa02|1629|00008858oc6n50aj1zwf|4||201|0|0|1d98dcb3-3c7b-440d-a63e-dcbcbd82b5b4|
04:24:46||elpa/auto-complete-20170125.245/dict/ts-mode|INST_NEW|Up|1578532990|cec3bb1e3b5727daf8fbf8ca67f56411|9532|00008859oc6n50aj1zwf|4||201|0|0|855c77fc-3f0d-499f-8ecc-3c05650e55b4|
04:24:46||elpa/auto-complete-20170125.245/auto-complete-config.elc|INST_NEW|Up|1578532990|2201d138a0efbafcdbfc15ab63edb015|16539|00008860oc6n50aj1zwf|4||201|0|0|e8eab971-dc1d-45e5-9d5e-c6f3e169cc9a|
04:24:46||elpa/auto-complete-20170125.245/auto-complete-pkg.el|INST_NEW|Up|1578532990|ffbf6df4b42dd868e39fd6eeb6dbcf29|170|00008862oc6n50aj1zwf|4||201|0|0|204a2cf7-c5fb-49a6-afff-166c0f890752|
04:24:46||elpa/auto-complete-20170125.245/dict/tuareg-mode|INST_NEW|Up|1578532990|e2975cfd55ee7301f274fabd9e403355|1812|00008861oc6n50aj1zwf|4||201|0|0|a2c8955d-963f-4779-aa10-56b994c12289|
04:24:46||elpa/auto-complete-20170125.245/dict/verilog-mode|INST_NEW|Up|1578532990|ca19d3b21a61d348471f7e8e6232c6e9|2366|00008863oc6n50aj1zwf|4||201|0|0|2893bcd2-8052-4545-bf2c-cdfb6c44c9da|
04:24:46||elpa/auto-complete-20170125.245/auto-complete.el|INST_NEW|Up|1578532990|58bf9faedcecf4a4c0dfbc3a37160f1c|74725|00008864oc6n50aj1zwf|4||201|0|0|b75e408c-811e-4192-a555-7c180cfc1e74|
04:24:46||elpa/auto-complete-20170125.245/auto-complete.elc|INST_NEW|Up|1578532990|5d7b40cd80427c682f9e976dd2f57c70|65662|00008865oc6n50aj1zwf|4||201|0|0|2e0a07a3-f433-421f-a330-5eab9dc5e309|
04:24:46||elpa/bind-key-20191110.416/bind-key-autoloads.el|INST_NEW|Up|1578532319|080da4048f02f8dd49151de72526036b|2507|00008866oc6n50aj1zwf|4||201|0|0|9a17d387-7176-4de5-b7b3-bb988ee777bc|
04:24:46||elpa/bind-key-20191110.416/bind-key.elc|INST_NEW|Up|1578532319|73076434fef8424ec3627b4ef90634a8|10971|00008867oc6n50aj1zwf|4||201|0|0|1a762d6f-ae56-47fa-8484-fcf50632074a|
04:24:46||elpa/company-20200102.2354/company-abbrev.el|INST_NEW|Up|1578532096|e99d6597136101f7b2e3d79f2d8c31ad|1623|00008868oc6n50aj1zwf|4||201|0|0|5afacae7-aba7-48ce-ab9d-f7acbe9b77cc|
04:24:46||elpa/bind-key-20191110.416/bind-key-pkg.el|INST_NEW|Up|1578532319|8bab3385a37b24ecda2774addd7eb770|387|00008869oc6n50aj1zwf|4||201|0|0|429087d9-69cc-48e1-ac0c-d881c707fc4f|
04:24:46||elpa/bind-key-20191110.416/bind-key.el|INST_NEW|Up|1578532319|68ccd7456190ce21796378e7ae58e05b|17286|00008870oc6n50aj1zwf|4||201|0|0|be294ceb-1ef3-451f-80fb-1974a3fc3aa3|
04:24:47||elpa/company-20200102.2354/company-abbrev.elc|INST_NEW|Up|1578532096|a6d884e31a8f535f95d6304016e0e329|1172|00008871oc6n50aj1zwf|4||201|0|0|925cdf63-905a-40ed-b51b-e78dfd9579cd|
04:24:47||elpa/company-20200102.2354/company-autoloads.el|INST_NEW|Up|1578532096|f694765a569be6e854cf0fa1b270cb66|9512|00008872oc6n50aj1zwf|4||201|0|0|3d82c1b6-c249-4fd8-a847-fd5a8f03413e|
04:24:47||elpa/company-20200102.2354/company-bbdb.elc|INST_NEW|Up|1578532096|a0e829041dd5882c41326234e1de1372|1721|00008873oc6n50aj1zwf|4||201|0|0|e9df4730-9ff1-4504-a9c6-01ad9c1b132a|
04:24:47||elpa/company-20200102.2354/company-bbdb.el|INST_NEW|Up|1578532096|afd15b0453c9099888130c380e7a6b5b|2251|00008874oc6n50aj1zwf|4||201|0|0|d6283016-b93c-4050-b7bb-47b446016d11|
04:24:47||elpa/company-20200102.2354/company-capf.el|INST_NEW|Up|1578532096|e3419fdae2fa2023e77056d0808b58c6|9023|00008875oc6n50aj1zwf|4||201|0|0|2c545424-6a59-412e-86aa-954cfa834664|
04:24:47||elpa/company-20200102.2354/company-capf.elc|INST_NEW|Up|1578532096|a0d21f0fda8471b92ed206001709679a|4897|00008876oc6n50aj1zwf|4||201|0|0|586ca3e5-eba0-4296-ab11-fb759acc5120|
04:24:47||elpa/company-20200102.2354/company-clang.el|INST_NEW|Up|1578532096|41504f5fa63b03d1e58270ad15d1e52a|14906|00008877oc6n50aj1zwf|4||201|0|0|0476f7cf-613b-496a-8440-d51fa54e0ef6|
04:24:47||elpa/company-20200102.2354/company-cmake.elc|INST_NEW|Up|1578532096|8f132e59390fe957c530bb4f6f71abd1|6064|00008878oc6n50aj1zwf|4||201|0|0|91399676-6e0a-4da8-bda2-16eeead60dd3|
04:24:47||elpa/company-20200102.2354/company-cmake.el|INST_NEW|Up|1578532096|3a6b45510d18d9b50feb30d9436a9895|7661|00008879oc6n50aj1zwf|4||201|0|0|ba3e159c-aa50-42cd-a2dd-65e27b7a87e5|
04:24:47||elpa/company-20200102.2354/company-css.el|INST_NEW|Up|1578532096|77f0a4de2f8213da55a1892f43dcf3bf|19802|00008880oc6n50aj1zwf|4||201|0|0|00b90ffc-f97b-47f5-be26-726e4f993900|
04:24:47||elpa/company-20200102.2354/company-clang.elc|INST_NEW|Up|1578532096|60bf24ad72f9848bf60ada4f30f21bf6|14676|00008881oc6n50aj1zwf|4||201|0|0|29c7db3f-981f-48ce-8fda-8b00ba80ad9e|
04:24:47||elpa/company-20200102.2354/company-css.elc|INST_NEW|Up|1578532096|a87d3f366b561773e9a849575673317c|16947|00008882oc6n50aj1zwf|4||201|0|0|211b13e3-cff2-4311-95df-5b917956f3cc|
04:24:47||elpa/company-20200102.2354/company-dabbrev-code.el|INST_NEW|Up|1578532096|4fc7fa00a0dfcf5ec8e829c89326e64d|4160|00008883oc6n50aj1zwf|4||201|0|0|b033ce5e-f62a-48c5-8ef4-a45fd1c1b57b|
04:24:47||elpa/company-20200102.2354/company-dabbrev-code.elc|INST_NEW|Up|1578532096|e80c6534c67c41a4393cefdaaf0fd2a5|3583|00008884oc6n50aj1zwf|4||201|0|0|9f9d4229-114d-4902-bfb6-9f878fb3d8b8|
04:24:47||elpa/company-20200102.2354/company-dabbrev.el|INST_NEW|Up|1578532096|52295c6a06b31ccec0beefa9ff657a5f|8618|00008885oc6n50aj1zwf|4||201|0|0|9ab782b0-f1ff-4958-bd2d-79a1c70fe051|
04:24:47||elpa/company-20200102.2354/company-dabbrev.elc|INST_NEW|Up|1578532096|763df27d446f0b11c5423df3e60b66b4|6900|00008886oc6n50aj1zwf|4||201|0|0|69f2f0a0-0651-4cd4-885f-512b9482f396|
04:24:47||elpa/company-20200102.2354/company-eclim.el|INST_NEW|Up|1578532096|21294b0c60e1db1e8088fa5d158bd7be|7152|00008887oc6n50aj1zwf|4||201|0|0|8fb8778e-af75-4452-9443-d30549e879db|
04:24:47||elpa/company-20200102.2354/company-eclim.elc|INST_NEW|Up|1578532096|09f71f51600b2239e2332dd81e15f87f|5478|00008888oc6n50aj1zwf|4||201|0|0|429d6561-8a51-41d8-9623-23ead1e9c9b3|
04:24:48||elpa/company-20200102.2354/company-elisp.elc|INST_NEW|Up|1578532096|5c21310c0288b7212b1fec505ab008cb|6590|00008889oc6n50aj1zwf|4||201|0|0|dc855ffb-97d3-45b7-a8d3-fbed3bd998aa|
04:24:48||elpa/company-20200102.2354/company-elisp.el|INST_NEW|Up|1578532096|3c680fbeeb446e4d4715e603a1247d95|8578|00008890oc6n50aj1zwf|4||201|0|0|bfa6e882-28e7-4ea6-9c71-4f43f4f9e51d|
04:24:48||elpa/company-20200102.2354/company-etags.el|INST_NEW|Up|1578532096|5bf45a8fd151e31aac85c00f6c28d61a|4026|00008891oc6n50aj1zwf|4||201|0|0|290ea2b5-2218-4bda-a8bb-fbcc5c3cf3e0|
04:24:48||elpa/company-20200102.2354/company-etags.elc|INST_NEW|Up|1578532096|f3757e05908fad5685c049b3e733de25|3110|00008892oc6n50aj1zwf|4||201|0|0|b4fd2431-d48b-4994-9c64-d5074909c2dc|
04:24:48||elpa/company-20200102.2354/company-files.el|INST_NEW|Up|1578532096|198962b5291282d447b695b65d12f24e|6072|00008893oc6n50aj1zwf|4||201|0|0|6e7a3e9e-0bd1-4586-94a8-3038b352a116|
04:24:48||elpa/company-20200102.2354/company-files.elc|INST_NEW|Up|1578532096|102449e5d07f8b1babea6ea47bcf2405|4378|00008894oc6n50aj1zwf|4||201|0|0|36ae5e45-9b66-4b32-9385-3142780c57a5|
04:24:48||elpa/company-20200102.2354/company-gtags.el|INST_NEW|Up|1578532096|662a5f02e435e110cc41e55e5d78c29d|4540|00008895oc6n50aj1zwf|4||201|0|0|bdcdd3e9-f8be-4cc7-9565-175d75bbfc7b|
04:24:48||elpa/company-20200102.2354/company-gtags.elc|INST_NEW|Up|1578532097|3f77d491baa3c8a107ccb0629e0be92f|3685|00008896oc6n50aj1zwf|4||201|0|0|3c1d52bf-4d80-443d-a44f-7fb29148fa67|
04:24:48||elpa/company-20200102.2354/company-ispell.el|INST_NEW|Up|1578532096|c8dd39a12ef21f7ea01db9a6232b6c5b|2568|00008897oc6n50aj1zwf|4||201|0|0|bed7041c-214d-4d93-922f-b119d0d1786a|
04:24:48||elpa/company-20200102.2354/company-ispell.elc|INST_NEW|Up|1578532097|6801a9c52befb37373dc8bc0cd30358c|1974|00008898oc6n50aj1zwf|4||201|0|0|e6690961-e050-4238-86d3-ebd1e5b9d3c9|
04:24:48||elpa/company-20200102.2354/company-keywords.el|INST_NEW|Up|1578532096|5c625129e2f33ebbb73cdef54b6a6955|18264|00008899oc6n50aj1zwf|4||201|0|0|7bf25ac6-d76c-40e3-a7de-6d482d7dd75b|
04:24:48||elpa/company-20200102.2354/company-keywords.elc|INST_NEW|Up|1578532097|99c9591ca2cc08450e6e30aac830bd30|18129|00008900oc6n50aj1zwf|4||201|0|0|92d44b16-7923-44dd-a29c-b7e228592a5c|
04:24:48||elpa/company-20200102.2354/company-nxml.el|INST_NEW|Up|1578532096|9849141c6181c715d079776cb4055707|5697|00008901oc6n50aj1zwf|4||201|0|0|c37e7ae6-e873-44c6-8fe2-d8c755e9dcb6|
04:24:48||elpa/company-20200102.2354/company-nxml.elc|INST_NEW|Up|1578532097|9167bf69539e45013e145dd8ba4fba52|4226|00008902oc6n50aj1zwf|4||201|0|0|7ccdb3a0-5b97-4af8-b13c-3dc3c1f7986c|
04:24:48||elpa/company-20200102.2354/company-oddmuse.el|INST_NEW|Up|1578532096|f7a4c8681498757fdeb3a161508685ca|2046|00008903oc6n50aj1zwf|4||201|0|0|f6c43c3b-370f-40e7-920d-09fe6030fdb7|
04:24:48||elpa/company-20200102.2354/company-oddmuse.elc|INST_NEW|Up|1578532097|85c07b54719b195b1a89608af679c8d9|1425|00008904oc6n50aj1zwf|4||201|0|0|fb30c1c9-22e5-45d5-9d44-33cbed9ad64e|
04:24:48||elpa/company-20200102.2354/company-pkg.el|INST_NEW|Up|1578532096|b2c741fb6c0a06f30af199ccba9afacc|334|00008905oc6n50aj1zwf|4||201|0|0|fd663a1d-74f1-4a11-bc80-df6e68fa7a81|
04:24:48||elpa/company-20200102.2354/company-semantic.el|INST_NEW|Up|1578532096|0a3d432be39805876682aa3f53c5dd5d|6816|00008906oc6n50aj1zwf|4||201|0|0|1a0f7a46-b027-485a-8c3f-5b6c3d8df10a|
04:24:49||elpa/company-20200102.2354/company-semantic.elc|INST_NEW|Up|1578532097|8f75ecad44af1b556491354aa7db2ce5|5239|00008907oc6n50aj1zwf|4||201|0|0|3a669253-e1f2-4cd0-9a5b-be2ba54e905a|
04:24:49||elpa/company-20200102.2354/company-template.el|INST_NEW|Up|1578532096|dadac401bc2989c870a40f06428798e4|10812|00008908oc6n50aj1zwf|4||201|0|0|2984891a-331b-41fb-a51e-590523c66f4f|
04:24:49||elpa/company-20200102.2354/company-template.elc|INST_NEW|Up|1578532097|4e674cd9b2099116f3bd1e33da4ece67|8446|00008909oc6n50aj1zwf|4||201|0|0|1ad8ba69-852e-406a-b8cd-5a4995116633|
04:24:49||elpa/company-20200102.2354/company-tempo.el|INST_NEW|Up|1578532096|e223c8590cd9f6139465828484a838fb|2236|00008910oc6n50aj1zwf|4||201|0|0|f25a25bc-910c-48a7-ad0c-91c14ee33d91|
04:24:49||elpa/company-20200102.2354/company-tempo.elc|INST_NEW|Up|1578532097|636b35f9a0b7f2b261ce48a2eb6131e9|2235|00008911oc6n50aj1zwf|4||201|0|0|a89b429c-163b-4018-8866-de19d4987208|
04:24:49||elpa/company-20200102.2354/company-tng.el|INST_NEW|Up|1578532096|fa096703d851c1ea2bab655f98be7ff4|8264|00008912oc6n50aj1zwf|4||201|0|0|cf78bee4-2ad8-4753-ae5e-ae1e219f9a12|
04:24:49||elpa/company-20200102.2354/company-tng.elc|INST_NEW|Up|1578532097|9efbf187441f6a15c1dc3da2646931df|4261|00008913oc6n50aj1zwf|4||201|0|0|99091a99-30f9-4a45-a9bd-39b421c14c19|
04:24:49||elpa/company-20200102.2354/company-xcode.el|INST_NEW|Up|1578532096|a72ea6d4a560f93642cfb7b339f00975|4739|00008914oc6n50aj1zwf|4||201|0|0|45f6d4c4-1c46-41d0-83b7-4f11deeb9ebc|
04:24:49||elpa/company-20200102.2354/company-xcode.elc|INST_NEW|Up|1578532097|55d549796f81ad40efb49423a08fd23f|3743|00008915oc6n50aj1zwf|4||201|0|0|d01b8bc5-55cc-4c96-8909-37ae375eb044|
04:24:49||elpa/company-20200102.2354/company-yasnippet.el|INST_NEW|Up|1578532096|92020a0ddafc6509125d73efa36efcf3|5517|00008916oc6n50aj1zwf|4||201|0|0|9aa41540-31d4-486f-8a56-9adb3d0dfdc0|
04:24:49||elpa/company-20200102.2354/company-yasnippet.elc|INST_NEW|Up|1578532097|08d6348d5ec3de10f01eff54f623b186|3302|00008917oc6n50aj1zwf|4||201|0|0|e9e34267-1734-4750-8bf2-2bb8bb6f125f|
04:24:49||elpa/company-20200102.2354/company.el|INST_NEW|Up|1578532096|b10e915a24a65b3a976f7d6e40a2696b|130321|00008918oc6n50aj1zwf|4||201|0|0|b5cd321b-8284-4170-8396-bf1fa4f97eea|
04:24:49||elpa/company-20200102.2354/company.elc|INST_NEW|Up|1578532097|0cb2e270c03e744977e86f140acbdd80|105208|00008919oc6n50aj1zwf|4||201|0|0|e1eb98f2-5a65-4c54-8e2d-b769d8f2879b|
04:24:49||elpa/company-c-headers-20190825.1631/company-c-headers-autoloads.el|INST_NEW|Up|1578532550|679f0b0aa4ab4f228a58469cb26dd7c4|634|00008920oc6n50aj1zwf|4||201|0|0|4eaecd33-d0ce-42b8-a6b9-e6793d38827c|
04:24:49||elpa/company-c-headers-20190825.1631/company-c-headers-pkg.el|INST_NEW|Up|1578532550|a3b8063f13ed5d4e59944df89cb82c8c|367|00008921oc6n50aj1zwf|4||201|0|0|d440e4e0-0f74-4f19-aadd-a65bb98c348a|
04:24:49||elpa/company-c-headers-20190825.1631/company-c-headers.elc|INST_NEW|Up|1578532550|2a1edba09807d6cc78c3ad9172cfda95|5006|00008922oc6n50aj1zwf|4||201|0|0|c2883752-46f8-430a-9835-992ba67ce8a6|
04:24:50||elpa/company-irony-20190124.2346/company-irony-autoloads.el|INST_NEW|Up|1578532110|7d9c3524d79b4c2374f6ca4981a83326|909|00008923oc6n50aj1zwf|4||201|0|0|8067c84d-1de5-406c-81d0-bb328dc8da32|
04:24:50||elpa/company-irony-20190124.2346/company-irony-pkg.el|INST_NEW|Up|1578532110|8d14d13f057ee4fc6c7e452d5cc729ea|451|00008924oc6n50aj1zwf|4||201|0|0|6b5bd9bc-2e19-4521-991b-219833891a1c|
04:24:49||elpa/company-c-headers-20190825.1631/company-c-headers.el|INST_NEW|Up|1578532550|493e4e67a6453b590f59e0aa4d4a3497|7600|00008925oc6n50aj1zwf|4||201|0|0|a19026cf-7e00-49c1-966d-e461630bbc62|
04:24:50||elpa/company-irony-20190124.2346/company-irony.el|INST_NEW|Up|1578532110|a343221225fa789c813fb2f65ed7bc8e|5822|00008926oc6n50aj1zwf|4||201|0|0|c3e5fb90-0544-4b49-aef6-417c86a0ab7d|
04:24:50||elpa/company-irony-20190124.2346/company-irony.elc|INST_NEW|Up|1578532110|80d70d8133386a4c62eb9d98ebe324f4|4181|00008927oc6n50aj1zwf|4||201|0|0|8f77496d-ad04-4a92-897b-395c98d298bc|
04:24:50||elpa/company-jedi-20151217.321|INST_NEW|Up|1578533012||4096|00008928oc6n50aj1zwf|4||201|0|0|974ecf1c-5438-465d-8f2c-9c1afe112547|
04:24:50||elpa/company-rtags-20191222.920|INST_NEW|Up|1578533149||4096|00008929oc6n50aj1zwf|4||201|0|0|f20662b0-aea5-4e4d-b57a-5c38b0f7f929|
04:24:50||elpa/company-shell-20170518.541|INST_NEW|Up|1578532982||4096|00008930oc6n50aj1zwf|4||201|0|0|bedbc69d-27a0-46dd-a964-51c183806678|
04:24:50||elpa/concurrent-20161229.330|INST_NEW|Up|1578532992||4096|00008931oc6n50aj1zwf|4||201|0|0|54441e2d-d422-4b12-9bfa-3ebb22cec612|
04:24:50||elpa/ctable-20171006.11|INST_NEW|Up|1578532991||4096|00008932oc6n50aj1zwf|4||201|0|0|64c4a0c4-aa5b-4f38-a62a-514ad0d1db3d|
04:24:50||elpa/company-jedi-20151217.321/company-jedi-autoloads.el|INST_NEW|Up|1578533012|7c257a37a00ddb4bf65bbdc93b331885|688|00008933oc6n50aj1zwf|4||201|0|0|468359cc-9d40-4964-8079-a247940eda42|
04:24:50||elpa/company-jedi-20151217.321/company-jedi-pkg.el|INST_NEW|Up|1578533012|1aab4b028f1eb6caa860878f48daf191|335|00008934oc6n50aj1zwf|4||201|0|0|a0726bf7-5271-4776-a135-abdf30e34432|
04:24:50||elpa/dash-20191109.1327|INST_NEW|Up|1578532975||4096|00008935oc6n50aj1zwf|4||201|0|0|bebbf284-e258-4041-97c1-438b1df535dd|
04:24:50||elpa/company-jedi-20151217.321/company-jedi.el|INST_NEW|Up|1578533012|c7f06e8d251d2400cc8a12335fba37d0|3553|00008936oc6n50aj1zwf|4||201|0|0|a43385e7-c399-4db4-a4cd-cf43a5530b75|
04:24:50||elpa/company-jedi-20151217.321/company-jedi.elc|INST_NEW|Up|1578533012|c1240b356bff7f088cb34d0d558b9938|2837|00008937oc6n50aj1zwf|4||201|0|0|44b6a465-d6e8-44fd-948b-9b5821243ca1|
04:24:50||elpa/company-rtags-20191222.920/company-rtags-autoloads.el|INST_NEW|Up|1578533149|65e3f44d01e262ef750d6396b0ebdce6|412|00008938oc6n50aj1zwf|4||201|0|0|d7408b88-bbad-4256-adef-848a66b74c4d|
04:24:50||elpa/company-rtags-20191222.920/company-rtags-pkg.el|INST_NEW|Up|1578533149|d8f6cbe3568e6a9ff3535864f2c2a5fc|409|00008939oc6n50aj1zwf|4||201|0|0|1b5a18a2-5696-4af8-8bd5-ae664b8c666d|
04:24:50||elpa/company-rtags-20191222.920/company-rtags.el|INST_NEW|Up|1578533149|0d58555206b4830ac79d5d97ba85704c|12677|00008940oc6n50aj1zwf|4||201|0|0|398be223-6481-4784-920d-46bc7743c672|
04:24:50||elpa/company-rtags-20191222.920/company-rtags.elc|INST_NEW|Up|1578533149|10484daff5ab9bfe593a900692ee5497|9014|00008941oc6n50aj1zwf|4||201|0|0|06442bff-f4aa-4af9-badc-3b0b28461a98|
04:24:50||elpa/company-shell-20170518.541/company-shell-autoloads.el|INST_NEW|Up|1578532982|628261fbfd1f8086af65a1c782a64147|1059|00008942oc6n50aj1zwf|4||201|0|0|8ad10607-d04e-484a-b6cd-26723ed63eb6|
04:24:50||elpa/company-shell-20170518.541/company-shell-pkg.el|INST_NEW|Up|1578532982|1be3a3551f4b0eb837817ee6aeb07b09|458|00008943oc6n50aj1zwf|4||201|0|0|da68fb41-ed97-49e8-b9d5-c90368ad573f|
04:24:51||elpa/company-shell-20170518.541/company-shell.el|INST_NEW|Up|1578532982|3321f07d39c5a9f534bf2d89f85bca80|10827|00008944oc6n50aj1zwf|4||201|0|0|08d43b1c-20e5-48d6-8698-db5d2e1555d6|
04:24:51||elpa/company-shell-20170518.541/company-shell.elc|INST_NEW|Up|1578532982|31c2f5bf08f6e14821433590a1ec8ba4|10350|00008945oc6n50aj1zwf|4||201|0|0|15238437-04c2-4d9d-93f1-88f9f2a8a9e7|
04:24:51||elpa/concurrent-20161229.330/concurrent-autoloads.el|INST_NEW|Up|1578532992|082816f91976ac66d1232fe08bd71e9b|396|00008946oc6n50aj1zwf|4||201|0|0|4a84039e-9e9e-4304-aaf0-8938ba22093b|
04:24:51||elpa/concurrent-20161229.330/concurrent-pkg.el|INST_NEW|Up|1578532992|1a5802245fc37a50d17b898015a04392|465|00008947oc6n50aj1zwf|4||201|0|0|e719f62a-a73b-46b6-a822-f098d0f55aca|
04:24:51||elpa/concurrent-20161229.330/concurrent.elc|INST_NEW|Up|1578532992|15124130301a02dc1e250e7352f6495a|25828|00008948oc6n50aj1zwf|4||201|0|0|060af86f-84fb-4e8a-b4c6-ddbbb2066c3c|
04:24:51||elpa/concurrent-20161229.330/concurrent.el|INST_NEW|Up|1578532992|ec60608791c02f1abb5d08e2c1fef3cf|18181|00008949oc6n50aj1zwf|4||201|0|0|f3ea6be3-3a8a-496d-9f27-cc047a707082|
04:24:51||elpa/ctable-20171006.11/ctable-autoloads.el|INST_NEW|Up|1578532991|ff9fbe7097da7c28bc3060fb88b97a76|385|00008950oc6n50aj1zwf|4||201|0|0|304df7a5-fafe-4da2-9417-bcec8c93ee13|
04:24:51||elpa/ctable-20171006.11/ctable-pkg.el|INST_NEW|Up|1578532991|a5e8508afa4d763f4a5670ddcf486692|350|00008951oc6n50aj1zwf|4||201|0|0|54cd3aa8-01b3-4588-a09a-d668714afc80|
04:24:51||elpa/ctable-20171006.11/ctable.el|INST_NEW|Up|1578532991|842457cfa24a3d6f5e2aae2f8d9e542a|74070|00008952oc6n50aj1zwf|4||201|0|0|439861b0-cab3-4a91-9465-54818bbaeb94|
04:24:51||elpa/ctable-20171006.11/ctable.elc|INST_NEW|Up|1578532991|2d3f1293af191fabe0ee00dfa6d4a1b7|138692|00008953oc6n50aj1zwf|4||201|0|0|3e074aba-e209-40e8-b252-8df6e568a301|
04:24:51||elpa/dash-20191109.1327/dash-autoloads.el|INST_NEW|Up|1578532975|1bfea7e197db4be6da99a091feb22d5d|401|00008954oc6n50aj1zwf|4||201|0|0|0019e6d2-6029-42e9-8d69-0815b2623efb|
04:24:51||elpa/dash-20191109.1327/dash.el|INST_NEW|Up|1578532975|e4a5869c2765ceb13c18c9f0dcbaac2c|103682|00008955oc6n50aj1zwf|4||201|0|0|9d1a310c-a3a5-45ba-baf8-830cea7919d2|
04:24:51||elpa/dash-20191109.1327/dash-pkg.el|INST_NEW|Up|1578532975|2f3f59eebc63f89271e4fdc9e4d64b50|263|00008956oc6n50aj1zwf|4||201|0|0|7ad9c187-8d47-4e68-9a2d-0735eee43a5c|
04:24:51||elpa/dash-20191109.1327/dash.elc|INST_NEW|Up|1578532975|0f8896dff5bdf640e732a9ecde559339|101439|00008957oc6n50aj1zwf|4||201|0|0|92c7c6d8-be4b-4961-8d73-2b4e293dbe8b|
04:24:52||elpa/dash-20191109.1327/dash.info|INST_NEW|Up|1578532975|dad9d06a25dbfc738bb0f7daff9301e5|120502|00008958oc6n50aj1zwf|4||201|0|0|21b04f50-f749-4a77-bbaa-d8b891a27b3f|
04:24:52||elpa/dash-20191109.1327/dir|INST_NEW|Up|1578532975|07d5f39c42ddcefa72ce1924a5dbe95a|616|00008959oc6n50aj1zwf|4||201|0|0|fde04e0f-7155-4d9b-be34-0e70abc8e031|
04:24:52||elpa/epc-20140610.534|INST_NEW|Up|1578532992||4096|00008960oc6n50aj1zwf|4||201|0|0|53207231-0426-4f07-aee8-ae18fb3f0698|
04:24:52||elpa/deferred-20170901.1330|INST_NEW|Up|1578532991||4096|00008961oc6n50aj1zwf|4||201|0|0|2091445a-e3be-44e3-aa23-6e07e6471989|
04:24:52||elpa/epl-20180205.2049|INST_NEW|Up|1578532974||4096|00008962oc6n50aj1zwf|4||201|0|0|19b27e9b-6527-4661-a86c-f898af364336|
04:24:52||elpa/flycheck-irony-20180604.2152|INST_NEW|Up|1578532977||4096|00008963oc6n50aj1zwf|4||201|0|0|92169fb9-3e01-4af0-9928-8006b30e9478|
04:24:52||elpa/flycheck-20191126.2142|INST_NEW|Up|1578532976||4096|00008965oc6n50aj1zwf|4||201|0|0|4a58fffe-ddac-4593-a884-cb67c1a8a74b|
04:24:52||elpa/flycheck-rtags-20191222.920|INST_NEW|Up|1578533162||4096|00008964oc6n50aj1zwf|4||201|0|0|7467b604-500d-45d8-87dd-c3dd8fd9de48|
04:24:52||elpa/epc-20140610.534/epc-autoloads.el|INST_NEW|Up|1578532992|eaa1a7ddd0aa728120152f9850b0996b|407|00008966oc6n50aj1zwf|4||201|0|0|3b59d0f9-5988-4fc0-816a-0012c179e908|
04:24:52||elpa/deferred-20170901.1330/deferred-autoloads.el|INST_NEW|Up|1578532990|a2da216dfc5b74be6d74b7e21c2044d2|391|00008967oc6n50aj1zwf|4||201|0|0|d49e727f-e73a-41af-bd64-859443f36972|
04:24:52||elpa/deferred-20170901.1330/deferred-pkg.el|INST_NEW|Up|1578532990|232164757c5201da04512fb86f88c40a|394|00008968oc6n50aj1zwf|4||201|0|0|c6700ac0-b28f-4d37-b86f-6572275a89ec|
04:24:52||elpa/deferred-20170901.1330/deferred.elc|INST_NEW|Up|1578532991|f64810cf6acf1b21d2e619061475b2e8|38763|00008969oc6n50aj1zwf|4||201|0|0|6b17f8f8-4c0b-40ea-8cdf-0c814fcfcd55|
04:24:52||elpa/deferred-20170901.1330/deferred.el|INST_NEW|Up|1578532990|ef1516be2bc612b6d28735d108acc4fc|35771|00008970oc6n50aj1zwf|4||201|0|0|f1f66698-6677-481b-9d97-a58cb8db0dce|
04:24:52||elpa/epc-20140610.534/epcs.el|INST_NEW|Up|1578532992|e321c067269162899a060f3dee4e3f6d|5792|00008971oc6n50aj1zwf|4||201|0|0|ac4d2dd6-79d2-4dd2-ae7f-c8193f7f0702|
04:24:52||elpa/epc-20140610.534/epc.el|INST_NEW|Up|1578532992|e1d0df62ab11facd5d625c625aba72e3|35038|00008973oc6n50aj1zwf|4||201|0|0|17f8b8bc-7e2b-4b8f-b739-c5ddfc99a36d|
04:24:52||elpa/epc-20140610.534/epc-pkg.el|INST_NEW|Up|1578532992|b7d51c9c08ab3bee1df52ed0814557af|374|00008972oc6n50aj1zwf|4||201|0|0|5ea6c38a-6b07-4a66-a858-8cc41f0a72d0|
04:24:52||elpa/epc-20140610.534/epc.elc|INST_NEW|Up|1578532992|84ced619e4baf34da43a7865d4ccc196|55242|00008974oc6n50aj1zwf|4||201|0|0|db9b35d6-b3d7-4ae9-b153-c7633d629866|
04:24:53||elpa/epc-20140610.534/epcs.elc|INST_NEW|Up|1578532992|7ac7039b037d326b56851f00e9925be1|10092|00008975oc6n50aj1zwf|4||201|0|0|53fc2073-5f36-4702-9cfd-ea1e3fa0b0d8|
04:24:53||elpa/epl-20180205.2049/epl-autoloads.el|INST_NEW|Up|1578532974|6b433de477b250d1b1645cb2de9bdc5d|376|00008976oc6n50aj1zwf|4||201|0|0|a24f663c-cdc5-4094-8f65-385d81af08bd|
04:24:53||elpa/epl-20180205.2049/epl.elc|INST_NEW|Up|1578532974|e814f9351f6654a69f29437cda53643e|32585|00008977oc6n50aj1zwf|4||201|0|0|674aea17-1442-4ecd-8a8e-826aaa726b6c|
04:24:53||elpa/epl-20180205.2049/epl.el|INST_NEW|Up|1578532974|db4f101cbb30c8ca1f8173638a1d1729|26489|00008978oc6n50aj1zwf|4||201|0|0|d0f04bf5-cca4-49eb-a6a6-8cc549f495a8|
04:24:53||elpa/epl-20180205.2049/epl-pkg.el|INST_NEW|Up|1578532974|9b5db32c0a17e70f897c67f2e87f8e59|345|00008979oc6n50aj1zwf|4||201|0|0|2c11ec55-12a3-4bbe-8716-9a321f0ecf61|
04:24:53||elpa/flycheck-20191126.2142/flycheck-autoloads.el|INST_NEW|Up|1578532975|27cc95541601abd531f9b2d49b44729f|8594|00008980oc6n50aj1zwf|4||201|0|0|435dd158-c74a-4638-92d7-f2e9a20cff9a|
04:24:53||elpa/flycheck-20191126.2142/flycheck-buttercup.el|INST_NEW|Up|1578532975|1e3c263ed657492e526c325cd0f9a4b9|5371|00008981oc6n50aj1zwf|4||201|0|0|64b3a0cc-96ca-414c-aa96-ea8aff5f0eb2|
04:24:53||elpa/flycheck-20191126.2142/flycheck-ert.elc|INST_NEW|Up|1578532976|3efbad9a60f6c9ba34a47b8242dfdc9d|22195|00008982oc6n50aj1zwf|4||201|0|0|050b83f8-c08c-48ae-b53f-8ac8b8d829c6|
04:24:53||elpa/flycheck-20191126.2142/flycheck-ert.el|INST_NEW|Up|1578532975|9edd0bbc07185c3c8d09fe1a7162e966|19237|00008983oc6n50aj1zwf|4||201|0|0|e3c44cfc-cd57-4241-bbb6-1cf0adc6a5f6|
04:24:53||elpa/flycheck-20191126.2142/flycheck-pkg.el|INST_NEW|Up|1578532975|30df139230355c89ccd1cac277c8938f|448|00008984oc6n50aj1zwf|4||201|0|0|d0328494-b4d4-464a-9a3b-9dbaa7594654|
04:24:53||elpa/flycheck-irony-20180604.2152/flycheck-irony-autoloads.el|INST_NEW|Up|1578532977|4fdd6f6603eea7f1cc3e9353fbf8d603|601|00008985oc6n50aj1zwf|4||201|0|0|5b5534f4-a9a8-4754-9226-eb59b2dbfcf0|
04:24:53||elpa/flycheck-irony-20180604.2152/flycheck-irony-pkg.el|INST_NEW|Up|1578532977|1d96c0a9729478aa01bc6283ca289804|436|00008986oc6n50aj1zwf|4||201|0|0|7aaf133d-d73b-40a8-93ac-85933fd0157b|
04:24:53||elpa/flycheck-20191126.2142/flycheck.el|INST_NEW|Up|1578532975|da13316e161a6e47c77380f044d4482c|443029|00008987oc6n50aj1zwf|4||201|0|0|227da1c0-ec5b-4f89-a558-b590dd1c6631|
04:24:54||elpa/flycheck-irony-20180604.2152/flycheck-irony.el|INST_NEW|Up|1578532977|8a91d7160896997aab4de71dd94370d0|4250|00008988oc6n50aj1zwf|4||201|0|0|30cb98e3-b7fe-42cb-a77f-6ced402ab139|
04:24:53||elpa/flycheck-20191126.2142/flycheck.elc|INST_NEW|Up|1578532976|087146bb7fbdf1b864a6f7684e6ef505|488970|00008989oc6n50aj1zwf|4||201|0|0|73a5f04b-399a-47e0-a02c-2a465986149d|
04:24:54||elpa/flycheck-rtags-20191222.920/flycheck-rtags.el|INST_NEW|Up|1578533162|7de25d8ef7bd0351f3f4c8a437a75e3a|4900|00008993oc6n50aj1zwf|4||201|0|0|dd6fa944-70a4-487d-ac1d-b94e288bedbd|
04:24:54||elpa/flycheck-rtags-20191222.920/flycheck-rtags-pkg.el|INST_NEW|Up|1578533162|6e9c46d62c9cb7c68e5ba8bff36120c5|401|00008991oc6n50aj1zwf|4||201|0|0|df6d1b31-23e8-4196-a760-ecceac472b1a|
04:24:54||elpa/flycheck-rtags-20191222.920/flycheck-rtags-autoloads.el|INST_NEW|Up|1578533162|f9cdc487213e13628424664750bcffbf|417|00008992oc6n50aj1zwf|4||201|0|0|d6a164d3-ee72-46ce-990e-d4bdcef099d7|
04:24:54||elpa/flycheck-irony-20180604.2152/flycheck-irony.elc|INST_NEW|Up|1578532977|ceb348628a5a4a0f93ef3ee75dd972a5|2990|00008990oc6n50aj1zwf|4||201|0|0|3c7d795d-6d9d-4185-b17b-8369a4d09cb1|
04:24:54||elpa/gnu-elpa-keyring-update-2019.3|INST_NEW|Up|1578532058||4096|00008994oc6n50aj1zwf|4||201|0|0|f9b35b47-7e60-4a93-bd27-9b28f2df534c|
04:24:54||elpa/flycheck-rtags-20191222.920/flycheck-rtags.elc|INST_NEW|Up|1578533162|088fb5c94fa70b6c6759795b05b4b503|2777|00008995oc6n50aj1zwf|4||201|0|0|dab1cdb0-65dd-44e6-8754-0d9ec284b481|
04:24:54||elpa/jedi-core-20191011.1750|INST_NEW|Up|1578532993||4096|00008996oc6n50aj1zwf|4||201|0|0|0284158b-7785-4d2c-93a2-26f3829d8423|
04:24:54||elpa/gnupg|INST_NEW|Up|1578532313||4096|00008997oc6n50aj1zwf|4||201|0|0|be5090c7-0fbb-4402-80bb-ba24e9b0f8a8|
04:24:54||elpa/irony-20191009.2139|INST_NEW|Up|1578532105||4096|00008998oc6n50aj1zwf|4||201|0|0|799c4bdd-79b4-4f6c-8c60-7cbb82a2492b|
04:24:54||elpa/jedi-20191011.1750|INST_NEW|Up|1578532993||4096|00008999oc6n50aj1zwf|4||201|0|0|4e05f8f5-d76e-432e-96f5-887644b39f77|
04:24:54||elpa/gnu-elpa-keyring-update-2019.3/etc|INST_NEW|Up|1578532057||4096|00009000oc6n50aj1zwf|4||201|0|0|35494eb8-b08b-4ada-9faf-8205df90d90c|
04:24:54||elpa/gnu-elpa-keyring-update-2019.3/ChangeLog|INST_NEW|Up|1578532057|191c6b9319ec6ab6f7b56ddccd07fc70|981|00009001oc6n50aj1zwf|4||201|0|0|ed8f3f34-6d20-4561-95b4-2bf2b774127a|
04:24:54||elpa/gnu-elpa-keyring-update-2019.3/gnu-elpa-keyring-update-autoloads.el|INST_NEW|Up|1578532057|4bba7d3584a87e957d46bc961a3cefb7|1567|00009002oc6n50aj1zwf|4||201|0|0|104121c5-ca2a-469e-8ce1-58edcfb8b874|
04:24:54||elpa/gnu-elpa-keyring-update-2019.3/gnu-elpa-keyring-update-pkg.el|INST_NEW|Up|1578532057|86af88853a8cf7027208258668e7eb10|258|00009003oc6n50aj1zwf|4||201|0|0|9f563c97-df9c-42c2-b27f-448f9054ce2b|
04:24:54||elpa/gnu-elpa-keyring-update-2019.3/gnu-elpa-keyring-update-pkg.elc|INST_NEW|Up|1578532058|46d39acb06c16b2c76bcb36848188a53|597|00009004oc6n50aj1zwf|4||201|0|0|72b6b69d-7391-4d95-b4c4-c9a6b78d2d1f|
04:24:54||elpa/gnu-elpa-keyring-update-2019.3/gnu-elpa-keyring-update.el|INST_NEW|Up|1578532057|1e99b8f248222426f10f5ba91c1a6378|4700|00009005oc6n50aj1zwf|4||201|0|0|47844dc9-92df-4aa6-9a55-ae3242231c39|
04:24:54||elpa/gnu-elpa-keyring-update-2019.3/etc/gnu-elpa.gpg-keyring|INST_NEW|Up|1578532057|003b89e29c7ed0296dfda137785c1c50|2069|00009006oc6n50aj1zwf|4||201|0|0|e999909b-80b7-4666-9a9b-8b1a39fd2082|
04:24:54||elpa/gnu-elpa-keyring-update-2019.3/gnu-elpa-keyring-update.elc|INST_NEW|Up|1578532058|243f569a86aff2a71cb3b8ed05cdc29b|1565|00009007oc6n50aj1zwf|4||201|0|0|2f1ff1ca-5776-4e1a-ab80-306abe6ac026|
04:24:54||elpa/gnupg/private-keys-v1.d|INST_NEW|Up|1578532031||4096|00009008oc6n50aj1zwf|4||201|0|0|ddcbf003-fdf5-40c7-9007-3875f688eccd|
04:24:55||elpa/gnupg/gnu-elpa.timestamp|INST_NEW|Up|1578532058|473cd48c317ead82ef75c6a13a4f6748|0|00009009oc6n50aj1zwf|4||201|0|0|196b9d48-9fa6-400b-8d61-06328230c421|
04:24:55||elpa/gnupg/pubring.kbx|INST_NEW|Up|1578532057|f175e2979517c65dc91ca66c9f530b34|2629|00009010oc6n50aj1zwf|4||201|0|0|78e7eb74-61f7-400b-a17a-8d4cec9f748d|
04:24:55||elpa/gnupg/tofu.db|INST_NEW|Up|1578532057|28721a2257aa2fcb1c9f73a0d18c1990|49152|00009011oc6n50aj1zwf|4||201|0|0|6aa0ef97-8129-446c-9505-3b3b1291034f|
04:24:55||elpa/gnupg/trustdb.gpg|INST_NEW|Up|1578532057|39bb945b8a90974b5455a3908f888911|1200|00009012oc6n50aj1zwf|4||201|0|0|6bc70a21-f01b-492c-bb9f-efebefe5fc74|
04:24:55||elpa/irony-20191009.2139/server|INST_NEW|Up|1578532105||4096|00009013oc6n50aj1zwf|4||201|0|0|e0a1fbf7-b5f9-4e36-a65f-f59a3b177993|
04:24:55||elpa/irony-20191009.2139/irony-autoloads.el|INST_NEW|Up|1578532105|b2a7ffd9af71107fc63daefbad54fcdb|3760|00009014oc6n50aj1zwf|4||201|0|0|12013c2a-57d4-4af9-b426-9df412ac5c97|
04:24:55||elpa/irony-20191009.2139/irony-cdb-clang-complete.el|INST_NEW|Up|1578532105|3814892ec23bf4f081833aa3bc009a6b|2164|00009015oc6n50aj1zwf|4||201|0|0|0569ed0b-6936-4c4c-98d2-8c6eda18dfdc|
04:24:55||elpa/irony-20191009.2139/irony-cdb-clang-complete.elc|INST_NEW|Up|1578532105|74d68edd8b83225fadace40dcf26f750|1519|00009016oc6n50aj1zwf|4||201|0|0|f25dd2ad-4a36-47bf-8999-14854e7b5090|
04:24:55||elpa/irony-20191009.2139/irony-cdb-json.el|INST_NEW|Up|1578532105|3bf4f086c70a622d14b25d07f90be327|13080|00009017oc6n50aj1zwf|4||201|0|0|c593110d-682d-4ce4-b756-2426afcea8a3|
04:24:55||elpa/irony-20191009.2139/irony-cdb-json.elc|INST_NEW|Up|1578532105|540283d14758d9f6c74790cb1f18fb55|10381|00009018oc6n50aj1zwf|4||201|0|0|11f9b287-8fb0-4ee6-bf5d-4dfb74631e69|
04:24:55||elpa/irony-20191009.2139/server/build-aux|INST_NEW|Up|1578532105||4096|00009019oc6n50aj1zwf|4||201|0|0|c0637b2c-abc6-478f-bf20-76ff1071f7ec|
04:24:55||elpa/irony-20191009.2139/server/cmake|INST_NEW|Up|1578532105||4096|00009020oc6n50aj1zwf|4||201|0|0|1547ff59-60da-4fa7-a0c8-ce2323fb290d|
04:24:55||elpa/irony-20191009.2139/server/src|INST_NEW|Up|1578532105||4096|00009021oc6n50aj1zwf|4||201|0|0|2458592e-f713-488c-b0d0-f1996e3b80ff|
04:24:55||elpa/irony-20191009.2139/server/test|INST_NEW|Up|1578532105||4096|00009022oc6n50aj1zwf|4||201|0|0|bc6937f0-5891-45e8-b405-170842f557b8|
04:24:55||elpa/irony-20191009.2139/server/CMakeLists.txt|INST_NEW|Up|1578532105|ae7d49563149cf8334d38d3ccac6c3fa|909|00009023oc6n50aj1zwf|4||201|0|0|e76f90ba-1e40-48db-ae54-826d3ac2495a|
04:24:55||elpa/irony-20191009.2139/irony-cdb-libclang.el|INST_NEW|Up|1578532105|b10fc922072b3519223a566319d4311b|2550|00009024oc6n50aj1zwf|4||201|0|0|c95575cc-b57f-4264-8c79-fa51422ddc56|
04:24:55||elpa/irony-20191009.2139/server/build-aux/run-clang-tidy|INST_NEW|Up|1578532105||4096|00009025oc6n50aj1zwf|4||201|0|0|04786ceb-d211-409c-a579-a9f11a68d487|
04:24:55||elpa/irony-20191009.2139/server/cmake/modules|INST_NEW|Up|1578532105||4096|00009026oc6n50aj1zwf|4||201|0|0|76cb88c1-0735-4888-856d-a0d49319a73b|
04:24:55||elpa/irony-20191009.2139/server/cmake/CheckClangResourceDir.cmake|INST_NEW|Up|1578532105|05bb928f32d4efacf95d5ea4a549cfca|2986|00009027oc6n50aj1zwf|4||201|0|0|6e9f606c-9896-4c69-a3fb-8dea0eb15266|
04:24:56||elpa/irony-20191009.2139/server/src/support|INST_NEW|Up|1578532105||4096|00009028oc6n50aj1zwf|4||201|0|0|9f61a8d5-ddf0-44f8-86e1-e90294374736|
04:24:55||elpa/irony-20191009.2139/server/cmake/LibClangDiagnosticsChecker.cpp|INST_NEW|Up|1578532105|eb7ab9a2781981e515a60a6eeae1c064|1223|00009029oc6n50aj1zwf|4||201|0|0|a0ad4e2e-212d-458b-b23d-9fe84ce2f268|
04:24:56||elpa/irony-20191009.2139/server/build-aux/run-clang-tidy/README|INST_NEW|Up|1578532105|5aaab6f88061a081473b341357fcc5ce|589|00009030oc6n50aj1zwf|4||201|0|0|925dd0fb-8300-42a7-a164-9fef04542b7d|
04:24:56||elpa/irony-20191009.2139/server/build-aux/run-clang-tidy/LICENSE.TXT|INST_NEW|Up|1578532105|78993410baaf5c6744fb9c279932ee1d|1936|00009031oc6n50aj1zwf|4||201|0|0|75156c10-6dcb-4fc4-aa5f-b1c6c858c8e8|
04:24:56||elpa/irony-20191009.2139/server/build-aux/run-clang-tidy/run-clang-tidy.py|INST_NEW|Up|1578532105|ad0b1d70add33cbbd55dc7becacf6c30|8360|00009032oc6n50aj1zwf|4||201|0|0|9fbe7cbc-eec2-477a-992b-25dc12d210b3|
04:24:56||elpa/irony-20191009.2139/server/cmake/modules/FindLibClang.cmake|INST_NEW|Up|1578532105|0a59ab436919ff9020ced413c8f2239a|3396|00009033oc6n50aj1zwf|4||201|0|0|75b9f043-2b03-4379-8e6c-24d7cb1bd2d4|
04:24:56||elpa/irony-20191009.2139/server/src/support/CIndex.h|INST_NEW|Up|1578532105|f3a86a930b83b5fe01356f4fe498ebb4|851|00009034oc6n50aj1zwf|4||201|0|0|b5673c52-3d14-4bc3-9453-16b755dee385|
04:24:56||elpa/irony-20191009.2139/server/src/support/CommandLineParser.cpp|INST_NEW|Up|1578532105|bb4d69d88606342a512c8959b418132a|2772|00009035oc6n50aj1zwf|4||201|0|0|e4f5ae46-3304-4f7b-b4b7-e1dafba82534|
04:24:56||elpa/irony-20191009.2139/server/src/support/CommandLineParser.h|INST_NEW|Up|1578532105|fb0c0019e3ee5afd1df2c5db8a0ccdc4|583|00009036oc6n50aj1zwf|4||201|0|0|34f49548-00ce-4173-b496-0052c1c0b353|
04:24:56||elpa/irony-20191009.2139/server/src/support/NonCopyable.h|INST_NEW|Up|1578532105|8f501b4a05ff9f5a54d31a86b15f0ec8|712|00009037oc6n50aj1zwf|4||201|0|0|0934872a-2dfe-4117-a920-a27e4ae98e8c|
04:24:56||elpa/irony-20191009.2139/server/src/support/TemporaryFile.cpp|INST_NEW|Up|1578532105|ee31da52e48ffba41dfa94519755e2c9|2005|00009039oc6n50aj1zwf|4||201|0|0|3c78fad6-f53e-4843-bf33-facbb4f622cd|
04:24:56||elpa/irony-20191009.2139/server/src/support/iomanip_quoted.h|INST_NEW|Up|1578532105|469b8fe4d86284f540547e287fafeebf|1027|00009038oc6n50aj1zwf|4||201|0|0|e9309f84-36f2-4d00-9f5b-38c8ff4df90e|
04:24:56||elpa/irony-20191009.2139/server/src/support/TemporaryFile.h|INST_NEW|Up|1578532105|fac22cdc5978f33f80dacc290bfe6a29|827|00009040oc6n50aj1zwf|4||201|0|0|8d0bea46-c8a0-453e-8fc0-19fb25ba0a24|
04:24:56||elpa/irony-20191009.2139/server/src/CMakeLists.txt|INST_NEW|Up|1578532105|a4e151ddad48e2e3dbd2239ae0c7d05e|3699|00009041oc6n50aj1zwf|4||201|0|0|dee9ad76-eac0-4ddd-9ec4-376d99c0a48b|
04:24:56||elpa/irony-20191009.2139/server/src/Command.cpp|INST_NEW|Up|1578532105|9aaa9e8ae74527417bc31cd0d69dbdd4|7241|00009042oc6n50aj1zwf|4||201|0|0|31663db5-1de5-4e3b-94c6-0e83ac9f8f72|
04:24:56||elpa/irony-20191009.2139/server/src/Command.h|INST_NEW|Up|1578532105|f48effa4fd7019f54d37d0a726311523|1392|00009043oc6n50aj1zwf|4||201|0|0|8b391411-c24f-413c-a658-74f4df87cc41|
04:24:57||elpa/irony-20191009.2139/server/src/CompDBCache.cpp|INST_NEW|Up|1578532105|fe9ddaea54a43c5a7ca88448843e24a3|1754|00009044oc6n50aj1zwf|4||201|0|0|da23933e-1838-4e13-8721-094b76e51e1e|
04:24:57||elpa/irony-20191009.2139/server/src/Irony.cpp|INST_NEW|Up|1578532105|f32ea34b6f1fe27c49a9a10854b86b4d|18023|00009045oc6n50aj1zwf|4||201|0|0|7161d041-093c-4007-b3f9-0ce5ca84eabb|
04:24:57||elpa/irony-20191009.2139/server/src/Commands.def|INST_NEW|Up|1578532105|4924a4cafe55debf3f6d041478b5e0c3|1537|00009046oc6n50aj1zwf|4||201|0|0|6c18e111-8fda-498b-adae-6311a34d88e0|
04:24:57||elpa/irony-20191009.2139/server/src/TUManager.cpp|INST_NEW|Up|1578532105|a429b6d227cb8cbb22b7252c5ed9b449|5990|00009047oc6n50aj1zwf|4||201|0|0|4890c4a2-97f3-4f73-be7d-15de3c388968|
04:24:57||elpa/irony-20191009.2139/server/src/CompDBCache.h|INST_NEW|Up|1578532105|0a75fcc3f41d4df5d1f7698099209cf6|2636|00009048oc6n50aj1zwf|4||201|0|0|e32981b1-7bb7-4dc7-a48c-01eb8e1a88ca|
04:24:57||elpa/irony-20191009.2139/server/src/Style.h|INST_NEW|Up|1578532105|508b76443a1baf9a659bfac14cc0e717|333|00009049oc6n50aj1zwf|4||201|0|0|0e301efb-d77f-4619-b9b2-9d860a199c5b|
04:24:57||elpa/irony-20191009.2139/server/src/Irony.h|INST_NEW|Up|1578532105|042fc8c54ece86cdce7a6de43227715f|3754|00009050oc6n50aj1zwf|4||201|0|0|599b0de6-e14a-433c-a565-24a0f490a43e|
04:24:57||elpa/irony-20191009.2139/server/src/TUManager.h|INST_NEW|Up|1578532105|4b4853fce8701199a75050ae4607ce91|3210|00009051oc6n50aj1zwf|4||201|0|0|dfd58f14-9c76-48f8-924a-a71e531d2b88|
04:24:57||elpa/irony-20191009.2139/server/src/main.cpp|INST_NEW|Up|1578532105|6e8418094a2b8d55be44445d2e49e39b|5580|00009052oc6n50aj1zwf|4||201|0|0|09d8d4c9-0240-4946-ac9d-a37ddccf55d7|
04:24:57||elpa/irony-20191009.2139/server/test/elisp|INST_NEW|Up|1578532105||4096|00009053oc6n50aj1zwf|4||201|0|0|606d45e5-62a9-4c5f-85eb-4e62c108a4f1|
04:24:57||elpa/irony-20191009.2139/irony-cdb.elc|INST_NEW|Up|1578532105|d4f77693f73c4b1de29c48dce5a5cf97|6230|00009054oc6n50aj1zwf|4||201|0|0|c22d82a9-64dc-44de-9f04-8bcaab005cc8|
04:24:57||elpa/irony-20191009.2139/server/test/CMakeLists.txt|INST_NEW|Up|1578532105|83dfcc23e024c4eee7c3d1e2ff8a7d03|102|00009055oc6n50aj1zwf|4||201|0|0|dbc9d3b0-5d3b-46d9-87cc-cff967beefe9|
04:24:57||elpa/irony-20191009.2139/irony-cdb-libclang.elc|INST_NEW|Up|1578532105|db2b0ce964b2a104a8e2e369bbdee50d|1755|00009056oc6n50aj1zwf|4||201|0|0|6b6232b4-82f6-4e89-b6f2-827f34adbe1c|
04:24:57||elpa/irony-20191009.2139/irony-cdb.el|INST_NEW|Up|1578532105|a99b834f39bfa7fc82df8b5257624513|8427|00009057oc6n50aj1zwf|4||201|0|0|57d4fb58-ad07-434a-9a32-362afe6e5830|
04:24:57||elpa/irony-20191009.2139/irony-completion.el|INST_NEW|Up|1578532105|d2a54bf4690c7169e363a92fc0717b78|17784|00009058oc6n50aj1zwf|4||201|0|0|a85cad8e-2dca-443c-b3ba-e1b06d96eed0|
04:24:57||elpa/irony-20191009.2139/server/test/elisp/CMakeLists.txt|INST_NEW|Up|1578532105|44f7d6e2b0e88b91e5e0af6e347f8174|1484|00009059oc6n50aj1zwf|4||201|0|0|e8073bda-2f93-4af3-8716-e236b19aa0cd|
04:24:57||elpa/irony-20191009.2139/server/test/elisp/irony-cdb-json.el|INST_NEW|Up|1578532105|f49a169e637629c40627e80acacedac9|3532|00009060oc6n50aj1zwf|4||201|0|0|12cb05ff-f2e8-4a95-a22a-fa0d9985ac23|
04:24:57||elpa/irony-20191009.2139/server/test/elisp/irony-iotask.el|INST_NEW|Up|1578532105|90af5bcfdc90c167240e89196d0bdaa0|10388|00009061oc6n50aj1zwf|4||201|0|0|6c49283d-0290-4d55-8cf8-7363c504d285|
04:24:57||elpa/irony-20191009.2139/server/test/elisp/irony.el|INST_NEW|Up|1578532105|414a7cb7b1a1012caa207cf69d7709b1|4685|00009062oc6n50aj1zwf|4||201|0|0|c9df69f1-7375-4e6b-aa96-f822d6c70454|
04:24:57||elpa/irony-20191009.2139/server/test/elisp/test-config.el|INST_NEW|Up|1578532105|75e15ec53d0823ef8bb147d7de6b3588|465|00009063oc6n50aj1zwf|4||201|0|0|e8eb41bc-625d-4cdf-8a6c-4a7fb9af26df|
04:24:58||elpa/irony-20191009.2139/irony-completion.elc|INST_NEW|Up|1578532105|3246e6aae43cd6ce4271063379f21bd2|11336|00009064oc6n50aj1zwf|4||201|0|0|7cf50921-45aa-4ff4-8e16-f550a066dd97|
04:24:58||elpa/irony-20191009.2139/irony-diagnostics.el|INST_NEW|Up|1578532105|e40e06c32a88a349ce7ac8e260576bc1|2718|00009065oc6n50aj1zwf|4||201|0|0|2ef0064a-224a-49da-ae26-1b8f36b16461|
04:24:58||elpa/irony-20191009.2139/irony-diagnostics.elc|INST_NEW|Up|1578532105|78860788e2c5490c4ce67147ac96f7eb|2208|00009066oc6n50aj1zwf|4||201|0|0|ec59121f-2ae4-4a07-a638-a6179fb2f4f4|
04:24:58||elpa/irony-20191009.2139/irony-iotask.el|INST_NEW|Up|1578532105|9a405088b17ce4a76515f62024ad9a0a|17214|00009067oc6n50aj1zwf|4||201|0|0|a78d6cb8-9489-472e-987f-20f6745065e7|
04:24:58||elpa/irony-20191009.2139/irony-iotask.elc|INST_NEW|Up|1578532105|b01164d9c07747603024d4670e7f526c|32185|00009068oc6n50aj1zwf|4||201|0|0|bab8a99a-73de-4e73-bd02-0135d1c75c24|
04:24:58||elpa/irony-20191009.2139/irony-pkg.el|INST_NEW|Up|1578532105|aa2a52b73a862b707c9295c6936d7ade|392|00009069oc6n50aj1zwf|4||201|0|0|6e782044-23df-4842-a595-da587ea54a36|
04:24:58||elpa/irony-20191009.2139/irony-snippet.el|INST_NEW|Up|1578532105|bcfcb99f2bf4ef458139482f221e5a4a|4839|00009070oc6n50aj1zwf|4||201|0|0|8f5ba5bb-17a8-41d3-bcbe-96a17883b5d7|
04:24:58||elpa/irony-20191009.2139/irony-snippet.elc|INST_NEW|Up|1578532105|17cd054842a63803cd28d80fde14f1d5|2999|00009071oc6n50aj1zwf|4||201|0|0|02988a5d-b9d8-46f7-9343-fae69cb3d66c|
04:24:58||elpa/irony-20191009.2139/irony.el|INST_NEW|Up|1578532105|5e872938935632eff1fb9b39833b0cc2|33074|00009072oc6n50aj1zwf|4||201|0|0|8bd915b3-4f05-4ec8-87d1-c8876e56af83|
04:24:58||elpa/jedi-20191011.1750/jedi-autoloads.el|INST_NEW|Up|1578532993|193df3ffafac76e7a9087153a629e926|1089|00009073oc6n50aj1zwf|4||201|0|0|992879f2-3d78-4be8-9042-cff9f018438d|
04:24:58||elpa/irony-20191009.2139/irony.elc|INST_NEW|Up|1578532105|cf9bf9a08329683c07b158aba31c3547|30818|00009074oc6n50aj1zwf|4||201|0|0|0bfa10c7-f271-4a88-ac97-6382a609df83|
04:24:58||elpa/jedi-20191011.1750/jedi-pkg.el|INST_NEW|Up|1578532993|0a6ab3728ec9acaa57062cbb99463bb2|330|00009075oc6n50aj1zwf|4||201|0|0|345248b8-e4f2-4bfe-b882-a5ae334df953|
04:24:58||elpa/jedi-20191011.1750/jedi.el|INST_NEW|Up|1578532993|6a58b0d1beb1256b884523a3b4b0d890|3724|00009076oc6n50aj1zwf|4||201|0|0|9690831e-e2e7-404a-9c33-02fba65fdef5|
04:24:58||elpa/jedi-core-20191011.1750/Makefile|INST_NEW|Up|1578532992|20af3896b14dd019cc799b2e60eefe91|5140|00009077oc6n50aj1zwf|4||201|0|0|a2b862bf-047c-42c8-b5ff-bdbe7d1457a7|
04:24:58||elpa/jedi-20191011.1750/jedi.elc|INST_NEW|Up|1578532993|06b0d06308d0299d9dcd344f3bf548f6|3550|00009078oc6n50aj1zwf|4||201|0|0|8a319c60-7604-4d01-983c-fab90ee75c29|
04:24:58||elpa/jedi-core-20191011.1750/jedi-core.elc|INST_NEW|Up|1578532993|4b10d94e67deeaf16805f9481e4082e4|48134|00009079oc6n50aj1zwf|4||201|0|0|a486753b-2c58-428a-aa3e-bac875f4f8be|
04:24:58||elpa/jedi-core-20191011.1750/jedi-core-autoloads.el|INST_NEW|Up|1578532992|f48e39137b77fa46b24addc6d1d4cedd|3931|00009080oc6n50aj1zwf|4||201|0|0|b84cc9ef-ef66-4f03-b1b2-5f865eee6f67|
04:24:58||elpa/jedi-core-20191011.1750/jedi-core-pkg.el|INST_NEW|Up|1578532992|76a568dee88d13a81d7d9f1a3d19ea55|349|00009081oc6n50aj1zwf|4||201|0|0|ef75e203-a3f3-4825-932f-da3e065fd7b4|
04:24:58||elpa/jedi-core-20191011.1750/jedi-core.el|INST_NEW|Up|1578532992|99f9acc50304350e3b458d74cd43d3e4|51276|00009082oc6n50aj1zwf|4||201|0|0|560b2be3-f2b4-44da-a236-73bb4952be7b|
04:24:58||elpa/jedi-core-20191011.1750/jediepcserver.py|INST_NEW|Up|1578532992|95e6d0567aab208b0080a75299467cb7|15847|00009083oc6n50aj1zwf|4||201|0|0|2a7759d5-3388-474d-a7a1-15bb24678e71|
04:24:59||elpa/jedi-core-20191011.1750/setup.py|INST_NEW|Up|1578532992|10e75df340e24b45cbdd20771e8aefb4|672|00009084oc6n50aj1zwf|4||201|0|0|cdd2e12c-42b0-470a-ac50-b858b0e08dfe|
04:24:59||elpa/neotree-20181121.2026|INST_NEW|Up|1578874167||4096|00009085oc6n50aj1zwf|4||201|0|0|1d9d976a-d195-47ae-a889-258605da0790|
04:24:59||elpa/origami-20180101.1553|INST_NEW|Up|1578533003||4096|00009086oc6n50aj1zwf|4||201|0|0|a382be4c-8f4e-4a8c-85de-7051760eb69d|
04:24:59||elpa/pkg-info-20150517.1143|INST_NEW|Up|1578532974||4096|00009087oc6n50aj1zwf|4||201|0|0|866b7005-4809-41f9-9a31-e7452dff7749|
04:24:59||elpa/popup-20160709.1429|INST_NEW|Up|1578532989||4096|00009088oc6n50aj1zwf|4||201|0|0|8962bd5e-fcdf-47d4-b0b6-c45c80c429a6|
04:24:59||elpa/python-environment-20150310.853|INST_NEW|Up|1578532991||4096|00009090oc6n50aj1zwf|4||201|0|0|e88b6cec-3799-4952-8d8e-2a8608afa76a|
04:24:59||elpa/rtags-20191227.958|INST_NEW|Up|1578533138||4096|00009089oc6n50aj1zwf|4||201|0|0|6f6560b7-00bc-4101-a47a-639b6c9de393|
04:24:59||elpa/neotree-20181121.2026/icons|INST_NEW|Up|1578874167||4096|00009091oc6n50aj1zwf|4||201|0|0|b102ef63-b095-4907-8ba4-c18116295660|
04:24:59||elpa/neotree-20181121.2026/neotree-autoloads.el|INST_NEW|Up|1578874167|3871755e5811da0cd575d4e6f4e96033|1396|00009092oc6n50aj1zwf|4||201|0|0|d1de369a-79bc-473c-920c-6237165038d9|
04:24:59||elpa/neotree-20181121.2026/neotree-pkg.el|INST_NEW|Up|1578874167|ddc7b9a2f0c7ee39be83add18f69a4b9|307|00009093oc6n50aj1zwf|4||201|0|0|6bfb879f-50a2-4b56-9c2c-092310f3a267|
04:24:59||elpa/neotree-20181121.2026/neotree.el|INST_NEW|Up|1578874167|884b3af558ded9c8c17bd1157ca65cec|80745|00009094oc6n50aj1zwf|4||201|0|0|f9a6ac05-5775-42c9-aee3-6591a8d0765f|
04:24:59||elpa/origami-20180101.1553/origami-autoloads.el|INST_NEW|Up|1578533003|233804e7134de6e93617c2c79b2b9066|1722|00009095oc6n50aj1zwf|4||201|0|0|e37fa6df-1d2b-47c1-a227-13e1e368aec0|
04:24:59||elpa/neotree-20181121.2026/neotree.elc|INST_NEW|Up|1578874167|9973f9dff779caabd297a8c13faa44c2|74314|00009096oc6n50aj1zwf|4||201|0|0|66db5586-fd80-4737-acfd-92366c94c22d|
04:24:59||elpa/neotree-20181121.2026/icons/close.xpm|INST_NEW|Up|1578874167|81e43a37dd1fbdcfbb3b592522bce386|717|00009097oc6n50aj1zwf|4||201|0|0|99956542-5c66-4430-be1b-b65eecd58cd6|
04:24:59||elpa/neotree-20181121.2026/icons/leaf.xpm|INST_NEW|Up|1578874167|7b168dd9c7e50dfb2de917bae07bdf9e|625|00009098oc6n50aj1zwf|4||201|0|0|a8884dcd-0c1c-4fa3-be03-08765610b615|
04:24:59||elpa/neotree-20181121.2026/icons/open.xpm|INST_NEW|Up|1578874167|7b311306917c3d36f1dca9d31f1c0d44|701|00009099oc6n50aj1zwf|4||201|0|0|7411a4e2-08c2-459d-b60e-bb681d7bb9db|
04:24:59||elpa/origami-20180101.1553/origami-parsers.el|INST_NEW|Up|1578533003|09d175df4ddd88a9ca04f92de32def28|12925|00009100oc6n50aj1zwf|4||201|0|0|349ee3a7-4440-4896-9724-3ab11c76dd87|
04:24:59||elpa/origami-20180101.1553/origami-parsers.elc|INST_NEW|Up|1578533003|32413d745fa48e16afa146a3d94c1174|8390|00009101oc6n50aj1zwf|4||201|0|0|b8ebb644-e02f-4d19-940d-5484cb1e0b09|
04:24:59||elpa/origami-20180101.1553/origami-pkg.el|INST_NEW|Up|1578533003|cfd8533df592dad6ead40e43912183ce|381|00009102oc6n50aj1zwf|4||201|0|0|415f2da6-9294-4b24-9dd9-23d5f8b3b95d|
04:25:00||elpa/origami-20180101.1553/origami.el|INST_NEW|Up|1578533003|ed3f7094e0329c30cee50c5d167249ac|35835|00009103oc6n50aj1zwf|4||201|0|0|dabb73e6-bdad-4c4f-8734-18eed6558f58|
04:25:00||elpa/origami-20180101.1553/origami.elc|INST_NEW|Up|1578533003|8e0aa17e179d5206bb0600a6893b3528|33491|00009104oc6n50aj1zwf|4||201|0|0|5c59603c-842d-4fc8-bef5-f288a8c54962|
04:25:00||elpa/pkg-info-20150517.1143/pkg-info-pkg.el|INST_NEW|Up|1578532974|06bc57ef983b430d52ae62221c0fe57a|368|00009106oc6n50aj1zwf|4||201|0|0|e4cb58f4-3999-4207-9dea-2c1b269fefef|
04:25:00||elpa/pkg-info-20150517.1143/pkg-info-autoloads.el|INST_NEW|Up|1578532974|52088ea99c1b23ed59ad671bbd7cd2ff|3917|00009105oc6n50aj1zwf|4||201|0|0|42b5821c-1211-498e-bfbe-3f47465cbd00|
04:25:00||elpa/pkg-info-20150517.1143/pkg-info.el|INST_NEW|Up|1578532974|6e46644493c88e7099e7a8d3c46dfaa2|12122|00009107oc6n50aj1zwf|4||201|0|0|6b150b36-cfda-4b13-b238-b9ee53630fd9|
04:25:00||elpa/pkg-info-20150517.1143/pkg-info.elc|INST_NEW|Up|1578532974|9eebfd6ee6188ed4433c2e79806389ce|9910|00009108oc6n50aj1zwf|4||201|0|0|16c2e829-aa46-4049-aed7-0e673b54b584|
04:25:00||elpa/popup-20160709.1429/popup-autoloads.el|INST_NEW|Up|1578532989|743e844730fffa5552cd21155b0b0ef1|382|00009109oc6n50aj1zwf|4||201|0|0|bec57945-f446-44ba-82b6-0fc643e6607d|
04:25:00||elpa/popup-20160709.1429/popup-pkg.el|INST_NEW|Up|1578532989|38764e4e923001b2dd5a6a14843571af|308|00009110oc6n50aj1zwf|4||201|0|0|1104c1a4-fe11-4719-85e3-ad4ffd1707ee|
04:25:00||elpa/popup-20160709.1429/popup.el|INST_NEW|Up|1578532989|0c04ab625a940369916171f173939dc1|55459|00009111oc6n50aj1zwf|4||201|0|0|6aa4e167-568b-4685-adc9-f6e88d9cf602|
04:25:00||elpa/popup-20160709.1429/popup.elc|INST_NEW|Up|1578532989|186b7191b8b3eabba6068ae8cdd827f7|71433|00009112oc6n50aj1zwf|4||201|0|0|5d6a0e30-1432-4860-b3b4-6e67749c7a2f|
04:25:00||elpa/python-environment-20150310.853/python-environment-autoloads.el|INST_NEW|Up|1578532991|7a5d97ad7b7e5a9eab7830d1d3a4392b|486|00009113oc6n50aj1zwf|4||201|0|0|57afef19-7143-47a4-a2f7-a4a67aa5e804|
04:25:00||elpa/python-environment-20150310.853/python-environment-pkg.el|INST_NEW|Up|1578532991|020b21034662335b077168ea1d3253a3|320|00009114oc6n50aj1zwf|4||201|0|0|9261f9be-d015-4d2b-bb0a-6f302bc2bc6d|
04:25:00||elpa/python-environment-20150310.853/python-environment.el|INST_NEW|Up|1578532991|f2966be90398a6b12a78930576f5a386|9259|00009115oc6n50aj1zwf|4||201|0|0|fd0a522c-3a26-47c4-866d-9169b6645c3b|
04:25:00||elpa/python-environment-20150310.853/python-environment.elc|INST_NEW|Up|1578532991|8286ffd83a1206c2c69b0e881239e928|8000|00009116oc6n50aj1zwf|4||201|0|0|10746c14-0c09-42c0-b6a6-e02dc6508f0a|
04:25:00||elpa/python-environment-20150310.853/test-python-environment.el|INST_NEW|Up|1578532991|b35d04ea232d9444f7243faf19a4837f|7660|00009117oc6n50aj1zwf|4||201|0|0|32ceede7-65c8-4844-a889-c9d889bd8012|
04:25:00||elpa/python-environment-20150310.853/test-python-environment.elc|INST_NEW|Up|1578532991|bacf6226c7aacaabd72d7638fda5483d|15560|00009118oc6n50aj1zwf|4||201|0|0|8ab92592-379c-429a-9dd0-a74a8419b145|
04:25:01||elpa/s-20180406.808|INST_NEW|Up|1578533003||4096|00009119oc6n50aj1zwf|4||201|0|0|17ca7112-4e47-4e17-84ed-6c36ec2ea079|
04:25:00||elpa/rtags-20191227.958/rtags-autoloads.el|INST_NEW|Up|1578533137|e4388dc5198b847fa5095c5523fa1005|11587|00009120oc6n50aj1zwf|4||201|0|0|eb9dcd23-29ee-43ca-abad-a4829b000692|
04:25:00||elpa/rtags-20191227.958/rtags-pkg.el|INST_NEW|Up|1578533137|c7e6dd3040ae5816f636d49da79dbaee|363|00009121oc6n50aj1zwf|4||201|0|0|31607bae-23de-4a55-88ee-aa2405b480da|
04:25:01||elpa/rtags-20191227.958/rtags.elc|INST_NEW|Up|1578533138|95ef5a5daada91ba8ae29e8ecffe3e40|196605|00009122oc6n50aj1zwf|4||201|0|0|7b3df434-d48c-4b1a-9427-543ce6cc0a3e|
04:25:01||elpa/rtags-20191227.958/rtags.el|INST_NEW|Up|1578533137|c27f91657a09fec2473b0ec32e1fc158|245949|00009123oc6n50aj1zwf|4||201|0|0|ed1d10b7-4a60-4282-a517-3f3c217695b4|
04:25:01||elpa/s-20180406.808/s-autoloads.el|INST_NEW|Up|1578533003|f60340bedc06a443c9f9fb9ebf38c800|370|00009124oc6n50aj1zwf|4||201|0|0|d29bf37a-4dff-40fa-9748-4dea55cd810c|
04:25:01||elpa/s-20180406.808/s-pkg.el|INST_NEW|Up|1578533003|ee0e71eab0c88ed5d70c8b312ed5f8ca|300|00009125oc6n50aj1zwf|4||201|0|0|3dc992a5-720c-4151-9559-c6c726856349|
04:25:01||irony/bin|INST_NEW|Up|1578532453||4096|00009126oc6n50aj1zwf|4||201|0|0|94a1d950-132f-4025-b952-535d9bf9f682|
04:25:01||elpa/use-package-20191126.2034|INST_NEW|Up|1578532320||4096|00009128oc6n50aj1zwf|4||201|0|0|0a64df04-7674-4e32-927e-a6cc51013868|
04:25:01||elpa/s-20180406.808/s.elc|INST_NEW|Up|1578533003|77f6f371aecedfc0b6ee2067be07e2ea|27351|00009127oc6n50aj1zwf|4||201|0|0|95c31fc1-c26d-471d-99b4-e92128de02ae|
04:25:01||elpa/s-20180406.808/s.el|INST_NEW|Up|1578533003|a31e7362640fc054f9c155dca09ea008|24583|00009129oc6n50aj1zwf|4||201|0|0|a5b1ee76-5207-4b55-babf-dc3078d60806|
04:25:01||elpa/use-package-20191126.2034/use-package-bind-key.el|INST_NEW|Up|1578532319|dc2bd075b8cd1a088c4df972a818db7c|6377|00009130oc6n50aj1zwf|4||201|0|0|fbee9dee-1df9-4f51-86d8-112246265608|
04:25:01||elpa/use-package-20191126.2034/use-package-autoloads.el|INST_NEW|Up|1578532320|202f4cdedce2ce81e62cbe441d8345cc|7535|00009131oc6n50aj1zwf|4||201|0|0|5ed2b24b-dcbc-474c-90ee-c32331bc7b17|
04:25:01||elpa/use-package-20191126.2034/dir|INST_NEW|Up|1578532319|aadfab08e376198070c53e14b04b141b|625|00009132oc6n50aj1zwf|4||201|0|0|b567ae41-5f59-466a-a8f7-f1f1908da575|
04:25:01||elpa/use-package-20191126.2034/use-package-bind-key.elc|INST_NEW|Up|1578532320|86d23087b23fde47fbdf0926837f92a2|4536|00009133oc6n50aj1zwf|4||201|0|0|64ee2c6d-aecd-488a-883a-3eff697bf6a5|
04:25:01||irony/bin/irony-server|INST_NEW|Up|1578532453|823ca510ba79fda3305d8b90f41f7ab2|489720|00009134oc6n50aj1zwf|4||201|0|0|993684f1-323b-4c2a-92f6-916860348759|
04:25:01||elpa/use-package-20191126.2034/use-package-core.el|INST_NEW|Up|1578532319|9c5b1a23a5510b5b7ed9605a95af1d26|60355|00009135oc6n50aj1zwf|4||201|0|0|2710f7d4-3995-4332-9712-c7ec896580b2|
04:25:01||elpa/use-package-20191126.2034/use-package-core.elc|INST_NEW|Up|1578532320|77066ec74f5bf28832ed253652fe27f2|54147|00009136oc6n50aj1zwf|4||201|0|0|a25f4f03-e642-49d2-ae8a-545faf8c87ea|
04:25:02||elpa/use-package-20191126.2034/use-package-delight.el|INST_NEW|Up|1578532319|b28981808b64b8695da3759d63378763|3283|00009137oc6n50aj1zwf|4||201|0|0|4d826f43-e87d-4727-bb21-2a83fcbd8cda|
04:25:02||elpa/use-package-20191126.2034/use-package-delight.elc|INST_NEW|Up|1578532320|1447822395b4ee5e39ad2b68b81303e5|1840|00009138oc6n50aj1zwf|4||201|0|0|bcfcd25d-12a7-4f5d-b804-a880c57e3014|
04:25:02||elpa/use-package-20191126.2034/use-package-diminish.el|INST_NEW|Up|1578532319|1c1319ad332db4568583a90918addd57|2804|00009139oc6n50aj1zwf|4||201|0|0|07dd571a-fc42-44ec-a43c-204074eb57d6|
04:25:02||elpa/use-package-20191126.2034/use-package-diminish.elc|INST_NEW|Up|1578532320|cf73f9b95d84cdc70e086a6dd6c44cf3|1747|00009140oc6n50aj1zwf|4||201|0|0|0edff6cc-eccb-4ada-95aa-df4eb9c55866|
04:25:02||elpa/use-package-20191126.2034/use-package-ensure.el|INST_NEW|Up|1578532319|3635a2c81046daaf6eba551d7cf53695|8233|00009141oc6n50aj1zwf|4||201|0|0|368c123f-0bb0-4458-b7b2-1d8bf534bc97|
04:25:02||elpa/use-package-20191126.2034/use-package-ensure.elc|INST_NEW|Up|1578532320|eba616046619268d962e89d22c48c91c|5327|00009142oc6n50aj1zwf|4||201|0|0|758914f0-5225-42f6-b91c-a1bcaf46b826|
04:25:02||elpa/use-package-20191126.2034/use-package-jump.el|INST_NEW|Up|1578532319|7ece8946d3cc782f3e2289b4be60e1a2|3142|00009143oc6n50aj1zwf|4||201|0|0|8eb3f62a-041a-4263-9b95-1c7a4ec142fc|
04:25:02||elpa/use-package-20191126.2034/use-package-jump.elc|INST_NEW|Up|1578532320|eab6f47dd7c5bf3f7802f71f30354758|1775|00009144oc6n50aj1zwf|4||201|0|0|61cd0b39-6448-4b1e-99ba-669787063d93|
04:25:02||elpa/use-package-20191126.2034/use-package-lint.el|INST_NEW|Up|1578532319|0882ffc41ad8711eec86597968e7abaf|3060|00009145oc6n50aj1zwf|4||201|0|0|38b6c760-4c1a-4b46-a312-6dea93d3d128|
04:25:02||elpa/use-package-20191126.2034/use-package-lint.elc|INST_NEW|Up|1578532320|753416ac579c450adaf566a19d7252af|1534|00009146oc6n50aj1zwf|4||201|0|0|be91ad65-c6ec-4214-8b70-42267e5cb9b3|
04:25:02||elpa/use-package-20191126.2034/use-package-pkg.el|INST_NEW|Up|1578532319|146e683176acc584c7ca49f02f881b48|423|00009147oc6n50aj1zwf|4||201|0|0|6f7ad407-0674-4d39-9421-3b18696a5558|
04:25:02||elpa/use-package-20191126.2034/use-package.el|INST_NEW|Up|1578532319|217fe4ef05e4c5c626876cfefe3b148d|2018|00009148oc6n50aj1zwf|4||201|0|0|ae1858d4-200e-4815-bafe-4b8e3a3474cb|
04:25:02||elpa/use-package-20191126.2034/use-package.elc|INST_NEW|Up|1578532320|7ea1968741d83fa2b7d465b21fe976ca|720|00009149oc6n50aj1zwf|4||201|0|0|e9cc5491-6257-4434-87ee-b49c953ad273|
04:25:02||elpa/use-package-20191126.2034/use-package.info|INST_NEW|Up|1578532319|f01c295808be2d7e67b831d97b7a838d|33816|00009150oc6n50aj1zwf|4||201|0|0|bd58253a-fc9c-470b-8de0-68f59c1a7c1b|
#=#=#=# Syncrun finished 2020-01-22T04:25:02Z (last step: 19863 msec, total: 19993 msec)
#=#=#=# Syncrun started 2020-01-22T04:25:40Z
#=#=#=#=# Propagation starts 2020-01-22T04:25:42Z (last step: 2049 msec, total: 2049 msec)
#=#=#=# Syncrun finished 2020-01-22T04:25:42Z (last step: 109 msec, total: 2158 msec)
#=#=#=# Syncrun started 2020-01-22T06:25:46Z
#=#=#=#=# Propagation starts 2020-01-22T06:25:46Z (last step: 144 msec, total: 144 msec)
#=#=#=# Syncrun finished 2020-01-22T06:25:46Z (last step: 39 msec, total: 183 msec)
#=#=#=# Syncrun started 2020-01-22T21:58:51Z
#=#=#=#=# Propagation starts 2020-01-22T21:58:51Z (last step: 190 msec, total: 190 msec)
#=#=#=# Syncrun finished 2020-01-22T21:58:51Z (last step: 26 msec, total: 216 msec)
#=#=#=# Syncrun started 2020-01-22T23:58:51Z
#=#=#=#=# Propagation starts 2020-01-22T23:58:52Z (last step: 245 msec, total: 245 msec)
#=#=#=# Syncrun finished 2020-01-22T23:58:52Z (last step: 28 msec, total: 274 msec)
#=#=#=# Syncrun started 2020-01-23T01:58:56Z
#=#=#=#=# Propagation starts 2020-01-23T01:58:57Z (last step: 357 msec, total: 357 msec)
#=#=#=# Syncrun finished 2020-01-23T01:58:57Z (last step: 29 msec, total: 387 msec)
#=#=#=# Syncrun started 2020-01-23T03:59:01Z
#=#=#=#=# Propagation starts 2020-01-23T03:59:02Z (last step: 212 msec, total: 212 msec)
#=#=#=# Syncrun finished 2020-01-23T03:59:02Z (last step: 28 msec, total: 241 msec)
#=#=#=# Syncrun started 2020-01-23T05:59:06Z
#=#=#=#=# Propagation starts 2020-01-23T05:59:07Z (last step: 228 msec, total: 228 msec)
#=#=#=# Syncrun finished 2020-01-23T05:59:07Z (last step: 28 msec, total: 257 msec)
#=#=#=# Syncrun started 2020-01-23T07:59:11Z
#=#=#=#=# Propagation starts 2020-01-23T07:59:12Z (last step: 216 msec, total: 216 msec)
#=#=#=# Syncrun finished 2020-01-23T07:59:12Z (last step: 27 msec, total: 244 msec)
#=#=#=# Syncrun started 2020-01-23T09:59:16Z
#=#=#=#=# Propagation starts 2020-01-23T09:59:17Z (last step: 336 msec, total: 336 msec)
#=#=#=# Syncrun finished 2020-01-23T09:59:17Z (last step: 27 msec, total: 363 msec)
#=#=#=# Syncrun started 2020-01-23T17:13:19Z
#=#=#=#=# Propagation starts 2020-01-23T17:13:19Z (last step: 150 msec, total: 150 msec)
#=#=#=# Syncrun finished 2020-01-23T17:13:19Z (last step: 27 msec, total: 178 msec)
#=#=#=# Syncrun started 2020-01-23T19:13:22Z
#=#=#=#=# Propagation starts 2020-01-23T19:13:22Z (last step: 146 msec, total: 146 msec)
#=#=#=# Syncrun finished 2020-01-23T19:13:22Z (last step: 26 msec, total: 173 msec)
#=#=#=# Syncrun started 2020-01-23T21:13:27Z
#=#=#=#=# Propagation starts 2020-01-23T21:13:27Z (last step: 108 msec, total: 108 msec)
#=#=#=# Syncrun finished 2020-01-23T21:13:27Z (last step: 26 msec, total: 135 msec)
#=#=#=# Syncrun started 2020-01-23T23:13:30Z
#=#=#=#=# Propagation starts 2020-01-23T23:13:30Z (last step: 222 msec, total: 222 msec)
#=#=#=# Syncrun finished 2020-01-23T23:13:30Z (last step: 28 msec, total: 250 msec)
#=#=#=# Syncrun started 2020-01-24T01:13:35Z
#=#=#=#=# Propagation starts 2020-01-24T01:13:35Z (last step: 207 msec, total: 207 msec)
#=#=#=# Syncrun finished 2020-01-24T01:13:35Z (last step: 28 msec, total: 235 msec)
#=#=#=# Syncrun started 2020-01-24T03:13:40Z
#=#=#=#=# Propagation starts 2020-01-24T03:13:40Z (last step: 228 msec, total: 228 msec)
#=#=#=# Syncrun finished 2020-01-24T03:13:40Z (last step: 29 msec, total: 257 msec)
#=#=#=# Syncrun started 2020-01-24T05:13:45Z
#=#=#=#=# Propagation starts 2020-01-24T05:13:45Z (last step: 225 msec, total: 225 msec)
#=#=#=# Syncrun finished 2020-01-24T05:13:45Z (last step: 29 msec, total: 254 msec)
#=#=#=# Syncrun started 2020-01-24T07:13:50Z
#=#=#=#=# Propagation starts 2020-01-24T07:13:51Z (last step: 157 msec, total: 157 msec)
#=#=#=# Syncrun finished 2020-01-24T07:13:51Z (last step: 27 msec, total: 184 msec)
#=#=#=# Syncrun started 2020-01-24T09:13:55Z
#=#=#=#=# Propagation starts 2020-01-24T09:13:55Z (last step: 248 msec, total: 248 msec)
#=#=#=# Syncrun finished 2020-01-24T09:13:56Z (last step: 27 msec, total: 276 msec)
#=#=#=# Syncrun started 2020-01-24T11:14:00Z
#=#=#=#=# Propagation starts 2020-01-24T11:14:00Z (last step: 217 msec, total: 217 msec)
#=#=#=# Syncrun finished 2020-01-24T11:14:00Z (last step: 27 msec, total: 244 msec)
#=#=#=# Syncrun started 2020-01-24T13:14:05Z
#=#=#=#=# Propagation starts 2020-01-24T13:14:05Z (last step: 218 msec, total: 218 msec)
#=#=#=# Syncrun finished 2020-01-24T13:14:05Z (last step: 27 msec, total: 245 msec)
#=#=#=# Syncrun started 2020-01-24T15:14:10Z
#=#=#=#=# Propagation starts 2020-01-24T15:14:10Z (last step: 234 msec, total: 234 msec)
#=#=#=# Syncrun finished 2020-01-24T15:14:10Z (last step: 26 msec, total: 261 msec)
#=#=#=# Syncrun started 2020-01-24T17:14:15Z
#=#=#=#=# Propagation starts 2020-01-24T17:14:16Z (last step: 289 msec, total: 289 msec)
#=#=#=# Syncrun finished 2020-01-24T17:14:16Z (last step: 26 msec, total: 316 msec)
#=#=#=# Syncrun started 2020-01-24T19:14:20Z
#=#=#=#=# Propagation starts 2020-01-24T19:14:20Z (last step: 154 msec, total: 154 msec)
#=#=#=# Syncrun finished 2020-01-24T19:14:20Z (last step: 26 msec, total: 180 msec)
#=#=#=# Syncrun started 2020-01-24T21:14:25Z
#=#=#=#=# Propagation starts 2020-01-24T21:14:26Z (last step: 271 msec, total: 271 msec)
#=#=#=# Syncrun finished 2020-01-24T21:14:26Z (last step: 26 msec, total: 298 msec)
#=#=#=# Syncrun started 2020-01-24T23:14:30Z
#=#=#=#=# Propagation starts 2020-01-24T23:14:30Z (last step: 219 msec, total: 219 msec)
#=#=#=# Syncrun finished 2020-01-24T23:14:30Z (last step: 27 msec, total: 247 msec)
#=#=#=# Syncrun started 2020-01-25T01:14:35Z
#=#=#=#=# Propagation starts 2020-01-25T01:14:35Z (last step: 223 msec, total: 223 msec)
#=#=#=# Syncrun finished 2020-01-25T01:14:35Z (last step: 29 msec, total: 253 msec)
#=#=#=# Syncrun started 2020-01-25T03:14:40Z
#=#=#=#=# Propagation starts 2020-01-25T03:14:40Z (last step: 223 msec, total: 223 msec)
#=#=#=# Syncrun finished 2020-01-25T03:14:40Z (last step: 29 msec, total: 252 msec)
#=#=#=# Syncrun started 2020-01-25T05:14:45Z
#=#=#=#=# Propagation starts 2020-01-25T05:14:45Z (last step: 259 msec, total: 259 msec)
#=#=#=# Syncrun finished 2020-01-25T05:14:46Z (last step: 29 msec, total: 289 msec)
#=#=#=# Syncrun started 2020-01-25T07:14:50Z
#=#=#=#=# Propagation starts 2020-01-25T07:14:50Z (last step: 243 msec, total: 243 msec)
#=#=#=# Syncrun finished 2020-01-25T07:14:51Z (last step: 42 msec, total: 286 msec)
#=#=#=# Syncrun started 2020-01-25T07:52:02Z
#=#=#=#=# Propagation starts 2020-01-25T07:52:02Z (last step: 154 msec, total: 154 msec)
#=#=#=# Syncrun finished 2020-01-25T07:52:02Z (last step: 26 msec, total: 181 msec)
#=#=#=# Syncrun started 2020-01-25T09:52:05Z
#=#=#=#=# Propagation starts 2020-01-25T09:52:05Z (last step: 160 msec, total: 160 msec)
#=#=#=# Syncrun finished 2020-01-25T09:52:05Z (last step: 27 msec, total: 187 msec)
#=#=#=# Syncrun started 2020-01-25T11:52:10Z
#=#=#=#=# Propagation starts 2020-01-25T11:52:10Z (last step: 126 msec, total: 126 msec)
#=#=#=# Syncrun finished 2020-01-25T11:52:11Z (last step: 27 msec, total: 153 msec)
#=#=#=# Syncrun started 2020-01-25T13:52:16Z
#=#=#=#=# Propagation starts 2020-01-25T13:52:16Z (last step: 146 msec, total: 146 msec)
#=#=#=# Syncrun finished 2020-01-25T13:52:16Z (last step: 27 msec, total: 173 msec)
#=#=#=# Syncrun started 2020-01-25T15:52:20Z
#=#=#=#=# Propagation starts 2020-01-25T15:52:21Z (last step: 122 msec, total: 122 msec)
#=#=#=# Syncrun finished 2020-01-25T15:52:21Z (last step: 27 msec, total: 149 msec)
#=#=#=# Syncrun started 2020-01-25T17:52:25Z
#=#=#=#=# Propagation starts 2020-01-25T17:52:26Z (last step: 121 msec, total: 121 msec)
#=#=#=# Syncrun finished 2020-01-25T17:52:26Z (last step: 26 msec, total: 147 msec)
#=#=#=# Syncrun started 2020-01-25T19:52:31Z
#=#=#=#=# Propagation starts 2020-01-25T19:52:31Z (last step: 164 msec, total: 164 msec)
#=#=#=# Syncrun finished 2020-01-25T19:52:31Z (last step: 26 msec, total: 191 msec)
#=#=#=# Syncrun started 2020-01-25T21:52:35Z
#=#=#=#=# Propagation starts 2020-01-25T21:52:36Z (last step: 144 msec, total: 144 msec)
#=#=#=# Syncrun finished 2020-01-25T21:52:36Z (last step: 28 msec, total: 173 msec)
#=#=#=# Syncrun started 2020-01-25T23:52:40Z
#=#=#=#=# Propagation starts 2020-01-25T23:52:40Z (last step: 108 msec, total: 108 msec)
#=#=#=# Syncrun finished 2020-01-25T23:52:41Z (last step: 28 msec, total: 136 msec)
#=#=#=# Syncrun started 2020-01-26T01:52:45Z
#=#=#=#=# Propagation starts 2020-01-26T01:52:46Z (last step: 105 msec, total: 105 msec)
#=#=#=# Syncrun finished 2020-01-26T01:52:46Z (last step: 28 msec, total: 134 msec)
#=#=#=# Syncrun started 2020-01-26T03:52:50Z
#=#=#=#=# Propagation starts 2020-01-26T03:52:50Z (last step: 104 msec, total: 104 msec)
#=#=#=# Syncrun finished 2020-01-26T03:52:51Z (last step: 28 msec, total: 132 msec)
#=#=#=# Syncrun started 2020-01-26T05:52:56Z
#=#=#=#=# Propagation starts 2020-01-26T05:52:56Z (last step: 147 msec, total: 147 msec)
#=#=#=# Syncrun finished 2020-01-26T05:52:56Z (last step: 28 msec, total: 175 msec)
#=#=#=# Syncrun started 2020-01-26T07:53:01Z
#=#=#=#=# Propagation starts 2020-01-26T07:53:01Z (last step: 154 msec, total: 154 msec)
#=#=#=# Syncrun finished 2020-01-26T07:53:01Z (last step: 28 msec, total: 183 msec)
#=#=#=# Syncrun started 2020-01-26T09:53:05Z
#=#=#=#=# Propagation starts 2020-01-26T09:53:05Z (last step: 145 msec, total: 145 msec)
#=#=#=# Syncrun finished 2020-01-26T09:53:05Z (last step: 27 msec, total: 172 msec)
#=#=#=# Syncrun started 2020-01-26T11:53:10Z
#=#=#=#=# Propagation starts 2020-01-26T11:53:10Z (last step: 107 msec, total: 107 msec)
#=#=#=# Syncrun finished 2020-01-26T11:53:10Z (last step: 27 msec, total: 134 msec)
#=#=#=# Syncrun started 2020-01-26T13:53:15Z
#=#=#=#=# Propagation starts 2020-01-26T13:53:15Z (last step: 103 msec, total: 103 msec)
#=#=#=# Syncrun finished 2020-01-26T13:53:16Z (last step: 27 msec, total: 130 msec)
#=#=#=# Syncrun started 2020-01-26T15:53:20Z
#=#=#=#=# Propagation starts 2020-01-26T15:53:20Z (last step: 125 msec, total: 125 msec)
#=#=#=# Syncrun finished 2020-01-26T15:53:20Z (last step: 27 msec, total: 152 msec)
#=#=#=# Syncrun started 2020-01-26T17:53:25Z
#=#=#=#=# Propagation starts 2020-01-26T17:53:25Z (last step: 101 msec, total: 101 msec)
#=#=#=# Syncrun finished 2020-01-26T17:53:25Z (last step: 27 msec, total: 129 msec)
#=#=#=# Syncrun started 2020-01-26T19:53:31Z
#=#=#=#=# Propagation starts 2020-01-26T19:53:31Z (last step: 149 msec, total: 149 msec)
#=#=#=# Syncrun finished 2020-01-26T19:53:31Z (last step: 28 msec, total: 178 msec)
#=#=#=# Syncrun started 2020-01-26T21:53:35Z
#=#=#=#=# Propagation starts 2020-01-26T21:53:35Z (last step: 150 msec, total: 150 msec)
#=#=#=# Syncrun finished 2020-01-26T21:53:35Z (last step: 27 msec, total: 177 msec)
#=#=#=# Syncrun started 2020-01-26T23:53:40Z
#=#=#=#=# Propagation starts 2020-01-26T23:53:40Z (last step: 152 msec, total: 152 msec)
#=#=#=# Syncrun finished 2020-01-26T23:53:41Z (last step: 28 msec, total: 180 msec)
#=#=#=# Syncrun started 2020-01-27T01:53:46Z
#=#=#=#=# Propagation starts 2020-01-27T01:53:46Z (last step: 108 msec, total: 108 msec)
#=#=#=# Syncrun finished 2020-01-27T01:53:46Z (last step: 28 msec, total: 137 msec)
#=#=#=# Syncrun started 2020-01-27T03:53:50Z
#=#=#=#=# Propagation starts 2020-01-27T03:53:51Z (last step: 111 msec, total: 111 msec)
#=#=#=# Syncrun finished 2020-01-27T03:53:51Z (last step: 28 msec, total: 139 msec)
#=#=#=# Syncrun started 2020-01-27T05:15:03Z
#=#=#=#=# Propagation starts 2020-01-27T05:15:03Z (last step: 246 msec, total: 246 msec)
05:15:03||test.c|INST_REMOVE|Up|1578533409|8232d98773f52530af2fcbe69de60f1b|20|00008813oc6n50aj1zwf|4||204|20|1578533409|6d69686f-7ed0-4ae1-8dea-4c05b7f84a5c|
05:15:03||#test.c#|INST_REMOVE|Up|1578533845|5452555cd00c5d499b2c7bea8911ebc5|17|00008811oc6n50aj1zwf|4||204|17|1578533845|342bbd49-a7f8-4b9f-b5c8-c66d3c1abd0f|
#=#=#=# Syncrun finished 2020-01-27T05:15:03Z (last step: 339 msec, total: 586 msec)
#=#=#=# Syncrun started 2020-01-27T05:15:59Z
#=#=#=#=# Propagation starts 2020-01-27T05:15:59Z (last step: 247 msec, total: 247 msec)
#=#=#=# Syncrun finished 2020-01-27T05:15:59Z (last step: 9 msec, total: 256 msec)
